Using pre-set license
Built from '2021.3/staging' branch; Version is '2021.3.10f1 (1c7d0df0160b) revision 1867021'; Using compiler version '192829333'; Build Type 'Release'
OS: 'Windows 11  (10.0.22621) 64bit Professional' Language: 'en' Physical Memory: 31891 MB
BatchMode: 1, IsHumanControllingUs: 0, StartBugReporterOnCrash: 0, Is64bit: 1, IsPro: 1

COMMAND LINE ARGUMENTS:
C:\Program Files\Unity 2021.3.10f1\Editor\Unity.exe
-adb2
-batchMode
-noUpm
-name
AssetImportWorker11
-projectPath
C:/Users/Sergiu/Documents/GitHub/Year2Block2/Year2Block2
-logFile
Logs/AssetImportWorker11.log
-srvPort
53553
Successfully changed project path to: C:/Users/Sergiu/Documents/GitHub/Year2Block2/Year2Block2
C:/Users/Sergiu/Documents/GitHub/Year2Block2/Year2Block2
[UnityMemory] Configuration Parameters - Can be set up in boot.config
    "memorysetup-bucket-allocator-granularity=16"
    "memorysetup-bucket-allocator-bucket-count=8"
    "memorysetup-bucket-allocator-block-size=33554432"
    "memorysetup-bucket-allocator-block-count=8"
    "memorysetup-main-allocator-block-size=16777216"
    "memorysetup-thread-allocator-block-size=16777216"
    "memorysetup-gfx-main-allocator-block-size=16777216"
    "memorysetup-gfx-thread-allocator-block-size=16777216"
    "memorysetup-cache-allocator-block-size=4194304"
    "memorysetup-typetree-allocator-block-size=2097152"
    "memorysetup-profiler-bucket-allocator-granularity=16"
    "memorysetup-profiler-bucket-allocator-bucket-count=8"
    "memorysetup-profiler-bucket-allocator-block-size=33554432"
    "memorysetup-profiler-bucket-allocator-block-count=8"
    "memorysetup-profiler-allocator-block-size=16777216"
    "memorysetup-profiler-editor-allocator-block-size=1048576"
    "memorysetup-temp-allocator-size-main=16777216"
    "memorysetup-job-temp-allocator-block-size=2097152"
    "memorysetup-job-temp-allocator-block-size-background=1048576"
    "memorysetup-job-temp-allocator-reduction-small-platforms=262144"
    "memorysetup-temp-allocator-size-background-worker=32768"
    "memorysetup-temp-allocator-size-job-worker=262144"
    "memorysetup-temp-allocator-size-preload-manager=33554432"
    "memorysetup-temp-allocator-size-nav-mesh-worker=65536"
    "memorysetup-temp-allocator-size-audio-worker=65536"
    "memorysetup-temp-allocator-size-cloud-worker=32768"
    "memorysetup-temp-allocator-size-gi-baking-worker=262144"
    "memorysetup-temp-allocator-size-gfx=262144"
Refreshing native plugins compatible for Editor in 111.52 ms, found 13 plugins.
Preloading 1 native plugins for Editor in 0.45 ms.
Initialize engine version: 2021.3.10f1 (1c7d0df0160b)
[Subsystems] Discovering subsystems at path C:/Program Files/Unity 2021.3.10f1/Editor/Data/Resources/UnitySubsystems
[Subsystems] Discovering subsystems at path C:/Users/Sergiu/Documents/GitHub/Year2Block2/Year2Block2/Assets
GfxDevice: creating device client; threaded=0; jobified=0
Direct3D:
    Version:  Direct3D 11.0 [level 11.1]
    Renderer: NVIDIA GeForce RTX 3080 (ID=0x2216)
    Vendor:   NVIDIA
    VRAM:     10067 MB
    Driver:   31.0.15.2802
Shader 'Oculus/OVRMRCameraFrameLit': fallback shader 'Alpha-Diffuse' not found
Initialize mono
Mono path[0] = 'C:/Program Files/Unity 2021.3.10f1/Editor/Data/Managed'
Mono path[1] = 'C:/Program Files/Unity 2021.3.10f1/Editor/Data/MonoBleedingEdge/lib/mono/unityjit-win32'
Mono config path = 'C:/Program Files/Unity 2021.3.10f1/Editor/Data/MonoBleedingEdge/etc'
Using monoOptions --debugger-agent=transport=dt_socket,embedding=1,server=y,suspend=n,address=127.0.0.1:56052
Begin MonoManager ReloadAssembly
Registering precompiled unity dll's ...
Register platform support module: C:/Program Files/Unity 2021.3.10f1/Editor/Data/PlaybackEngines/WindowsStandaloneSupport/UnityEditor.WindowsStandalone.Extensions.dll
Registered in 0.001656 seconds.
Native extension for WindowsStandalone target not found
Refreshing native plugins compatible for Editor in 101.27 ms, found 13 plugins.
Preloading 1 native plugins for Editor in 0.05 ms.
Mono: successfully reloaded assembly
- Completed reload, in  0.408 seconds
Domain Reload Profiling:
	ReloadAssembly (408ms)
		BeginReloadAssembly (42ms)
			ExecutionOrderSort (0ms)
			DisableScriptedObjects (0ms)
			BackupInstance (0ms)
			ReleaseScriptingObjects (0ms)
			CreateAndSetChildDomain (0ms)
		EndReloadAssembly (310ms)
			LoadAssemblies (41ms)
			RebuildTransferFunctionScriptingTraits (0ms)
			SetupTypeCache (60ms)
			ReleaseScriptCaches (0ms)
			RebuildScriptCaches (15ms)
			SetupLoadedEditorAssemblies (205ms)
				LogAssemblyErrors (0ms)
				InitializePlatformSupportModulesInManaged (4ms)
				SetLoadedEditorAssemblies (0ms)
				RefreshPlugins (101ms)
				BeforeProcessingInitializeOnLoad (1ms)
				ProcessInitializeOnLoadAttributes (75ms)
				ProcessInitializeOnLoadMethodAttributes (24ms)
				AfterProcessingInitializeOnLoad (0ms)
				EditorAssembliesLoaded (0ms)
			ExecutionOrderSort2 (0ms)
			AwakeInstancesAfterBackupRestoration (0ms)
Platform modules already initialized, skipping
Registering precompiled user dll's ...
Registered in 0.005973 seconds.
Begin MonoManager ReloadAssembly
Native extension for WindowsStandalone target not found
Refreshing native plugins compatible for Editor in 103.95 ms, found 13 plugins.
Preloading 1 native plugins for Editor in 0.03 ms.
Package Manager log level set to [2]
[XR] OculusXRPlugin: registering subsystems
[XR] Unable to register display lifecyle provider: [1]
[XR] Oculus Input lifecycle provider registered.
[XR] Unable to register input lifecyle provider: [1]
[XR] OVRP version 1.79.0
Mono: successfully reloaded assembly
- Completed reload, in  1.055 seconds
Domain Reload Profiling:
	ReloadAssembly (1056ms)
		BeginReloadAssembly (64ms)
			ExecutionOrderSort (0ms)
			DisableScriptedObjects (3ms)
			BackupInstance (0ms)
			ReleaseScriptingObjects (0ms)
			CreateAndSetChildDomain (16ms)
		EndReloadAssembly (923ms)
			LoadAssemblies (60ms)
			RebuildTransferFunctionScriptingTraits (0ms)
			SetupTypeCache (210ms)
			ReleaseScriptCaches (1ms)
			RebuildScriptCaches (71ms)
			SetupLoadedEditorAssemblies (542ms)
				LogAssemblyErrors (0ms)
				InitializePlatformSupportModulesInManaged (2ms)
				SetLoadedEditorAssemblies (0ms)
				RefreshPlugins (104ms)
				BeforeProcessingInitializeOnLoad (102ms)
				ProcessInitializeOnLoadAttributes (270ms)
				ProcessInitializeOnLoadMethodAttributes (60ms)
				AfterProcessingInitializeOnLoad (3ms)
				EditorAssembliesLoaded (0ms)
			ExecutionOrderSort2 (0ms)
			AwakeInstancesAfterBackupRestoration (5ms)
Platform modules already initialized, skipping
========================================================================
Worker process is ready to serve import requests
Shader 'Oculus/OVRMRCameraFrameLit': fallback shader 'Alpha-Diffuse' not found
Launched and connected shader compiler UnityShaderCompiler.exe after 0.04 seconds
Refreshing native plugins compatible for Editor in 5.04 ms, found 13 plugins.
Preloading 1 native plugins for Editor in 0.06 ms.
Unloading 8077 Unused Serialized files (Serialized files now loaded: 0)
Unloading 87 unused Assets / (1.6 MB). Loaded Objects now: 8496.
Memory consumption went from 327.2 MB to 325.7 MB.
Total: 4.731100 ms (FindLiveObjects: 0.633800 ms CreateObjectMapping: 0.137500 ms MarkObjects: 3.514500 ms  DeleteObjects: 0.444400 ms)

AssetImportParameters requested are different than current active one (requested -> active):
  custom:video-decoder-ogg-theora: a1e56fd34408186e4bbccfd4996cb3dc -> 
  custom:container-muxer-webm: aa71ff27fc2769a1b78a27578f13a17b -> 
  custom:container-demuxer-webm: 4f35f7cbe854078d1ac9338744f61a02 -> 
  custom:video-encoder-webm-vp8: eb34c28f22e8b96e1ab97ce403110664 -> 
  custom:audio-encoder-webm-vorbis: bf7c407c2cedff20999df2af8eb42d56 -> 
  custom:framework-win-MediaFoundation: 216162199b28c13a410421893ffa2e32 -> 
  custom:container-demuxer-ogg: 62fdf1f143b41e24485cea50d1cbac27 -> 
  custom:video-decoder-webm-vp8: 9c59270c3fd7afecdb556c50c9e8de78 -> 
  custom:audio-decoder-ogg-vorbis: bf7c407c2cedff20999df2af8eb42d56 -> 
========================================================================
Received Import Request.
  Time since last request: 601472.844963 seconds.
  path: Assets/Oculus/Interaction/Samples/Textures/Scissors.png
  artifactKey: Guid(f5342f171ba4a9d42801d9116dc2da0c) Importer(815301076,1909f56bfc062723c751e8b465ee728b)
Start importing Assets/Oculus/Interaction/Samples/Textures/Scissors.png using Guid(f5342f171ba4a9d42801d9116dc2da0c) Importer(815301076,1909f56bfc062723c751e8b465ee728b)  -> (artifact id: '0a7cb802d36e34480343906a8ead4345') in 0.062760 seconds 
========================================================================
Received Import Request.
  Time since last request: 0.000019 seconds.
  path: Assets/Oculus/SampleFramework/Usage/SharedAssets/Textures/room_atlas_01.png
  artifactKey: Guid(f642e8a05bd9a481b84a007851592772) Importer(815301076,1909f56bfc062723c751e8b465ee728b)
Start importing Assets/Oculus/SampleFramework/Usage/SharedAssets/Textures/room_atlas_01.png using Guid(f642e8a05bd9a481b84a007851592772) Importer(815301076,1909f56bfc062723c751e8b465ee728b)  -> (artifact id: 'c576a2fef39c22118d4b845adb30e223') in 0.014500 seconds 
========================================================================
Received Import Request.
  Time since last request: 0.000020 seconds.
  path: Assets/Oculus/Interaction/Samples/Fonts/Roboto-Medium SDF.asset
  artifactKey: Guid(b8f5aeb9c6de7614db2631011b869bc3) Importer(815301076,1909f56bfc062723c751e8b465ee728b)
Start importing Assets/Oculus/Interaction/Samples/Fonts/Roboto-Medium SDF.asset using Guid(b8f5aeb9c6de7614db2631011b869bc3) Importer(815301076,1909f56bfc062723c751e8b465ee728b)  -> (artifact id: '369ff4d9c1ed10d3aefe25952c1edf34') in 0.162199 seconds 
========================================================================
Received Import Request.
  Time since last request: 0.000025 seconds.
  path: Packages/com.unity.timeline/Editor/StyleSheets/Images/Icons/TrackCurvesButtonEnabled@2x.png
  artifactKey: Guid(9e541b6dcfb77d34481f69b3d62d0343) Importer(815301076,1909f56bfc062723c751e8b465ee728b)
Start importing Packages/com.unity.timeline/Editor/StyleSheets/Images/Icons/TrackCurvesButtonEnabled@2x.png using Guid(9e541b6dcfb77d34481f69b3d62d0343) Importer(815301076,1909f56bfc062723c751e8b465ee728b)  -> (artifact id: '52fa95f3c93b5de5048df4df3bfce92f') in 0.012432 seconds 
========================================================================
Received Import Request.
  Time since last request: 0.000035 seconds.
  path: Packages/com.unity.timeline/Editor/StyleSheets/Images/LightSkin/TimelineStartPlayback.png
  artifactKey: Guid(824c4beb0ca6c934bbc7a26919302236) Importer(815301076,1909f56bfc062723c751e8b465ee728b)
Start importing Packages/com.unity.timeline/Editor/StyleSheets/Images/LightSkin/TimelineStartPlayback.png using Guid(824c4beb0ca6c934bbc7a26919302236) Importer(815301076,1909f56bfc062723c751e8b465ee728b)  -> (artifact id: '7591ec3887beb499fbf7f5002d61cb6b') in 0.012908 seconds 
========================================================================
Received Import Request.
  Time since last request: 0.000037 seconds.
  path: Assets/Oculus/SampleFramework/Core/CustomHands/Textures/ramp_bluewhite_02.png
  artifactKey: Guid(ff902dc5c3e264587a8bc6213e64a5e2) Importer(815301076,1909f56bfc062723c751e8b465ee728b)
Start importing Assets/Oculus/SampleFramework/Core/CustomHands/Textures/ramp_bluewhite_02.png using Guid(ff902dc5c3e264587a8bc6213e64a5e2) Importer(815301076,1909f56bfc062723c751e8b465ee728b)  -> (artifact id: '34485f77592d5212749d963f9ab93353') in 0.011248 seconds 
========================================================================
Received Import Request.
  Time since last request: 0.000027 seconds.
  path: Assets/Oculus/SampleFramework/Usage/SharedAssets/Skyboxes/skybox02_openGL.png
  artifactKey: Guid(07664bb37bf9e46daae750bb6d5ad790) Importer(815301076,1909f56bfc062723c751e8b465ee728b)
Start importing Assets/Oculus/SampleFramework/Usage/SharedAssets/Skyboxes/skybox02_openGL.png using Guid(07664bb37bf9e46daae750bb6d5ad790) Importer(815301076,1909f56bfc062723c751e8b465ee728b)  -> (artifact id: '047f3d67ca6abc819d4ffcb3ff1d6950') in 0.032746 seconds 
========================================================================
Received Import Request.
  Time since last request: 0.000021 seconds.
  path: Assets/Oculus/SampleFramework/Usage/SharedAssets/Skyboxes/Sky_01/Skybox01_Right-X.png
  artifactKey: Guid(1531db7620eb24dbfa45481c43b6dcc5) Importer(815301076,1909f56bfc062723c751e8b465ee728b)
Start importing Assets/Oculus/SampleFramework/Usage/SharedAssets/Skyboxes/Sky_01/Skybox01_Right-X.png using Guid(1531db7620eb24dbfa45481c43b6dcc5) Importer(815301076,1909f56bfc062723c751e8b465ee728b)  -> (artifact id: '952184eccb07bfedaeadd971edb6e84d') in 0.014264 seconds 
========================================================================
Received Import Request.
  Time since last request: 0.000025 seconds.
  path: Packages/com.unity.collab-proxy/Editor/Collaborate/Assets/Icons/revert-asset-dark@2x.png
  artifactKey: Guid(f79532ed53993a24fb2d007f647d3f97) Importer(815301076,1909f56bfc062723c751e8b465ee728b)
Start importing Packages/com.unity.collab-proxy/Editor/Collaborate/Assets/Icons/revert-asset-dark@2x.png using Guid(f79532ed53993a24fb2d007f647d3f97) Importer(815301076,1909f56bfc062723c751e8b465ee728b)  -> (artifact id: '88c4dded379cb17a6cb00e5530bc4ff4') in 0.016129 seconds 
========================================================================
Received Import Request.
  Time since last request: 0.000019 seconds.
  path: Assets/Oculus/SampleFramework/Core/DebugUI/Textures/radio_over.png
  artifactKey: Guid(d573cef9968bac840a82613c16823a0e) Importer(815301076,1909f56bfc062723c751e8b465ee728b)
Start importing Assets/Oculus/SampleFramework/Core/DebugUI/Textures/radio_over.png using Guid(d573cef9968bac840a82613c16823a0e) Importer(815301076,1909f56bfc062723c751e8b465ee728b)  -> (artifact id: '4802ff5b911df12fa2a9db098264d8a9') in 0.022878 seconds 
========================================================================
Received Import Request.
  Time since last request: 0.000030 seconds.
  path: Packages/com.unity.collab-proxy/Editor/Collaborate/Assets/Icons/publish-light.png
  artifactKey: Guid(5b22e8d996934d3498b6e8b2cc8744d6) Importer(815301076,1909f56bfc062723c751e8b465ee728b)
Start importing Packages/com.unity.collab-proxy/Editor/Collaborate/Assets/Icons/publish-light.png using Guid(5b22e8d996934d3498b6e8b2cc8744d6) Importer(815301076,1909f56bfc062723c751e8b465ee728b)  -> (artifact id: 'e9586b1fd1d662fa3f98b98712039fdf') in 0.011557 seconds 
========================================================================
Received Import Request.
  Time since last request: 0.000034 seconds.
  path: Packages/com.unity.collab-proxy/Editor/Collaborate/Assets/Icons/publish-dark.png
  artifactKey: Guid(fdbd7df1b46f4714fbb0174e505f5a31) Importer(815301076,1909f56bfc062723c751e8b465ee728b)
Start importing Packages/com.unity.collab-proxy/Editor/Collaborate/Assets/Icons/publish-dark.png using Guid(fdbd7df1b46f4714fbb0174e505f5a31) Importer(815301076,1909f56bfc062723c751e8b465ee728b)  -> (artifact id: '80864a038523e0aa612e3ddd2e1fa96e') in 0.012993 seconds 
========================================================================
Received Import Request.
  Time since last request: 0.000029 seconds.
  path: Assets/Oculus/SampleFramework/Usage/SharedAssets/Skyboxes/Sky_02/Skybox02_Down-Y.png
  artifactKey: Guid(af3f54a0947374fd597b7af530d495e3) Importer(815301076,1909f56bfc062723c751e8b465ee728b)
Start importing Assets/Oculus/SampleFramework/Usage/SharedAssets/Skyboxes/Sky_02/Skybox02_Down-Y.png using Guid(af3f54a0947374fd597b7af530d495e3) Importer(815301076,1909f56bfc062723c751e8b465ee728b)  -> (artifact id: 'febdd67cbac6fc15a98a1fc1d44ff929') in 0.013525 seconds 
========================================================================
Received Import Request.
  Time since last request: 0.000033 seconds.
  path: Packages/com.unity.inputsystem/InputSystem/Editor/AssetEditor/Resources/pro/propertiesBackground.png
  artifactKey: Guid(b02e3f0c0798a4f1789a89a7697660be) Importer(815301076,1909f56bfc062723c751e8b465ee728b)
Start importing Packages/com.unity.inputsystem/InputSystem/Editor/AssetEditor/Resources/pro/propertiesBackground.png using Guid(b02e3f0c0798a4f1789a89a7697660be) Importer(815301076,1909f56bfc062723c751e8b465ee728b)  -> (artifact id: '4083c18a3a9693fac58b447a6aa4390e') in 0.010869 seconds 
========================================================================
Received Import Request.
  Time since last request: 0.000020 seconds.
  path: Assets/Oculus/LipSync/Models/RobotHead_TextureFlip/PP.png
  artifactKey: Guid(bea5b996ab6235c4aaa1be9b11aea8c4) Importer(815301076,1909f56bfc062723c751e8b465ee728b)
Start importing Assets/Oculus/LipSync/Models/RobotHead_TextureFlip/PP.png using Guid(bea5b996ab6235c4aaa1be9b11aea8c4) Importer(815301076,1909f56bfc062723c751e8b465ee728b)  -> (artifact id: '5eecbcb68994c60161b5c5df322ad73f') in 0.011750 seconds 
========================================================================
Received Import Request.
  Time since last request: 0.000019 seconds.
  path: Packages/com.unity.timeline/Editor/StyleSheets/Images/Shared/TimelineSeqEnd.png
  artifactKey: Guid(5dfe66e61e0d270468ae75349ff3a3eb) Importer(815301076,1909f56bfc062723c751e8b465ee728b)
Start importing Packages/com.unity.timeline/Editor/StyleSheets/Images/Shared/TimelineSeqEnd.png using Guid(5dfe66e61e0d270468ae75349ff3a3eb) Importer(815301076,1909f56bfc062723c751e8b465ee728b)  -> (artifact id: '9f9a212f804467a7c58373cc363399f3') in 0.013966 seconds 
========================================================================
Received Import Request.
  Time since last request: 0.000020 seconds.
  path: Packages/com.unity.inputsystem/InputSystem/Editor/Icons/Position@3x.png
  artifactKey: Guid(a43c2c10c85c448b584c8f2840f86915) Importer(815301076,1909f56bfc062723c751e8b465ee728b)
Start importing Packages/com.unity.inputsystem/InputSystem/Editor/Icons/Position@3x.png using Guid(a43c2c10c85c448b584c8f2840f86915) Importer(815301076,1909f56bfc062723c751e8b465ee728b)  -> (artifact id: '5877eb820184fff47b6b398d1d266516') in 0.013518 seconds 
========================================================================
Received Import Request.
  Time since last request: 0.000019 seconds.
  path: Packages/com.unity.collab-proxy/Editor/Collaborate/Assets/Icons/revert-asset-light@2x.png
  artifactKey: Guid(e6e5a841174ef8f44a853b724cc52b4f) Importer(815301076,1909f56bfc062723c751e8b465ee728b)
Start importing Packages/com.unity.collab-proxy/Editor/Collaborate/Assets/Icons/revert-asset-light@2x.png using Guid(e6e5a841174ef8f44a853b724cc52b4f) Importer(815301076,1909f56bfc062723c751e8b465ee728b)  -> (artifact id: '3ad81c16ddd4a769ff87651d4326f245') in 0.011760 seconds 
========================================================================
Received Import Request.
  Time since last request: 0.000033 seconds.
  path: Packages/com.unity.textmeshpro/Editor Resources/Gizmos/TMP - Font Asset Icon.psd
  artifactKey: Guid(ee148e281f3c41c5b4ff5f8a5afe5a6c) Importer(815301076,1909f56bfc062723c751e8b465ee728b)
Start importing Packages/com.unity.textmeshpro/Editor Resources/Gizmos/TMP - Font Asset Icon.psd using Guid(ee148e281f3c41c5b4ff5f8a5afe5a6c) Importer(815301076,1909f56bfc062723c751e8b465ee728b)  -> (artifact id: '251f6450af144cdfde2ccb239f4d3236') in 0.014328 seconds 
========================================================================
Received Import Request.
  Time since last request: 0.000020 seconds.
  path: Assets/Oculus/Interaction/Samples/Objects/Props/Torch/Particles/Textures/poof4x4.tga
  artifactKey: Guid(27a66518aba33e545994d6eeb7403a65) Importer(815301076,1909f56bfc062723c751e8b465ee728b)
Start importing Assets/Oculus/Interaction/Samples/Objects/Props/Torch/Particles/Textures/poof4x4.tga using Guid(27a66518aba33e545994d6eeb7403a65) Importer(815301076,1909f56bfc062723c751e8b465ee728b)  -> (artifact id: '4ec18f07950d9e477c0d9d6b5e0b129e') in 0.012767 seconds 
========================================================================
Received Import Request.
  Time since last request: 0.000024 seconds.
  path: Packages/com.unity.collab-proxy/Editor/Collaborate/Assets/Icons/publish-dark@2x.png
  artifactKey: Guid(4bc6c7e602886fd42918d903a7393536) Importer(815301076,1909f56bfc062723c751e8b465ee728b)
Start importing Packages/com.unity.collab-proxy/Editor/Collaborate/Assets/Icons/publish-dark@2x.png using Guid(4bc6c7e602886fd42918d903a7393536) Importer(815301076,1909f56bfc062723c751e8b465ee728b)  -> (artifact id: '5d815b8ea3d9dc1055faf24918eef0af') in 0.012176 seconds 
========================================================================
Received Import Request.
  Time since last request: 0.000049 seconds.
  path: Assets/Oculus/Interaction/Samples/Objects/Props/ChessPiece/Textures/simpleGrabKnight_AlbedoRoughness.png
  artifactKey: Guid(e35eeeb9c4e16fa469f141d669ed69d7) Importer(815301076,1909f56bfc062723c751e8b465ee728b)
Start importing Assets/Oculus/Interaction/Samples/Objects/Props/ChessPiece/Textures/simpleGrabKnight_AlbedoRoughness.png using Guid(e35eeeb9c4e16fa469f141d669ed69d7) Importer(815301076,1909f56bfc062723c751e8b465ee728b)  -> (artifact id: 'c611f6a1031149de731b8b6cd12c0e6f') in 0.013544 seconds 
========================================================================
Received Import Request.
  Time since last request: 0.000051 seconds.
  path: Packages/com.unity.collab-proxy/Editor/PlasticSCM/Assets/Images/step3.png
  artifactKey: Guid(69899ed144c8eea4baea48b858b37746) Importer(815301076,1909f56bfc062723c751e8b465ee728b)
Start importing Packages/com.unity.collab-proxy/Editor/PlasticSCM/Assets/Images/step3.png using Guid(69899ed144c8eea4baea48b858b37746) Importer(815301076,1909f56bfc062723c751e8b465ee728b)  -> (artifact id: '9948dcb2251cde542a9393c5bab764cd') in 0.016085 seconds 
========================================================================
Received Import Request.
  Time since last request: 0.000024 seconds.
  path: Assets/Materials/Axe/Texures/Red_Roughness.png
  artifactKey: Guid(5675eb3fbaf40f34bbadfa3398b4197e) Importer(815301076,1909f56bfc062723c751e8b465ee728b)
Start importing Assets/Materials/Axe/Texures/Red_Roughness.png using Guid(5675eb3fbaf40f34bbadfa3398b4197e) Importer(815301076,1909f56bfc062723c751e8b465ee728b)  -> (artifact id: '0595f3951ee75382a47b229917703670') in 0.012954 seconds 
========================================================================
Received Import Request.
  Time since last request: 0.000028 seconds.
  path: Assets/Oculus/Interaction/Samples/Objects/Props/BigRedButton/Textures/Podium/Podium_AlbedoTransparency.png
  artifactKey: Guid(b9144ea4006475045917ff432df651ff) Importer(815301076,1909f56bfc062723c751e8b465ee728b)
Start importing Assets/Oculus/Interaction/Samples/Objects/Props/BigRedButton/Textures/Podium/Podium_AlbedoTransparency.png using Guid(b9144ea4006475045917ff432df651ff) Importer(815301076,1909f56bfc062723c751e8b465ee728b)  -> (artifact id: '0d18c10f0764c8a96dc3f3f16b22660e') in 0.011617 seconds 
========================================================================
Received Import Request.
  Time since last request: 0.000019 seconds.
  path: Assets/Oculus/SampleFramework/Usage/SharedAssets/Skyboxes/Sky_02/Skybox02_Right-X.png
  artifactKey: Guid(2225d3954773c41dfb5cbe8356988e16) Importer(815301076,1909f56bfc062723c751e8b465ee728b)
Start importing Assets/Oculus/SampleFramework/Usage/SharedAssets/Skyboxes/Sky_02/Skybox02_Right-X.png using Guid(2225d3954773c41dfb5cbe8356988e16) Importer(815301076,1909f56bfc062723c751e8b465ee728b)  -> (artifact id: 'b26d9fe229a3e9c6773b0e8a3ede06c2') in 0.012858 seconds 
========================================================================
Received Import Request.
  Time since last request: 0.000025 seconds.
  path: Assets/Oculus/LipSync/Models/RobotHead_TextureFlip/TH.png
  artifactKey: Guid(d14bb80824ed25b44a65ddfc7f591e29) Importer(815301076,1909f56bfc062723c751e8b465ee728b)
Start importing Assets/Oculus/LipSync/Models/RobotHead_TextureFlip/TH.png using Guid(d14bb80824ed25b44a65ddfc7f591e29) Importer(815301076,1909f56bfc062723c751e8b465ee728b)  -> (artifact id: 'bee7d1ddfc1f07d83f89b9e8ae7661bd') in 0.012434 seconds 
========================================================================
Received Import Request.
  Time since last request: 0.000023 seconds.
  path: Assets/Oculus/SampleFramework/Usage/SharedAssets/Textures/room_atlas_02_nml.png
  artifactKey: Guid(8feb88af7c75e408b9e3ec8f310583ae) Importer(815301076,1909f56bfc062723c751e8b465ee728b)
Start importing Assets/Oculus/SampleFramework/Usage/SharedAssets/Textures/room_atlas_02_nml.png using Guid(8feb88af7c75e408b9e3ec8f310583ae) Importer(815301076,1909f56bfc062723c751e8b465ee728b)  -> (artifact id: '1dfcb46fc91956e5bcaec33ee5234cf5') in 0.018725 seconds 
========================================================================
Received Import Request.
  Time since last request: 0.000027 seconds.
  path: Packages/com.unity.learn.iet-framework/Editor/UI/Images/Tutorials/Icons/Play.png
  artifactKey: Guid(d602f4ca332f646ffb74764dda729b88) Importer(815301076,1909f56bfc062723c751e8b465ee728b)
Start importing Packages/com.unity.learn.iet-framework/Editor/UI/Images/Tutorials/Icons/Play.png using Guid(d602f4ca332f646ffb74764dda729b88) Importer(815301076,1909f56bfc062723c751e8b465ee728b)  -> (artifact id: 'c5f291cbf70baba9d9eee3e21dd21dfa') in 0.011998 seconds 
========================================================================
Received Import Request.
  Time since last request: 0.000026 seconds.
  path: Assets/Oculus/SampleFramework/Core/TouchControllers/Materials/Textures/R_controller_DIF.TGA
  artifactKey: Guid(19fc42fe258be4f4fad36df2d831d6d7) Importer(815301076,1909f56bfc062723c751e8b465ee728b)
Start importing Assets/Oculus/SampleFramework/Core/TouchControllers/Materials/Textures/R_controller_DIF.TGA using Guid(19fc42fe258be4f4fad36df2d831d6d7) Importer(815301076,1909f56bfc062723c751e8b465ee728b)  -> (artifact id: 'f0061b279e48734cff0d0015c39f85c7') in 0.013348 seconds 
========================================================================
Received Import Request.
  Time since last request: 0.000022 seconds.
  path: Packages/com.unity.collab-proxy/Editor/Collaborate/Assets/Icons/search-dark.png
  artifactKey: Guid(3b44c1da064d3bf46be68efbc875596e) Importer(815301076,1909f56bfc062723c751e8b465ee728b)
Start importing Packages/com.unity.collab-proxy/Editor/Collaborate/Assets/Icons/search-dark.png using Guid(3b44c1da064d3bf46be68efbc875596e) Importer(815301076,1909f56bfc062723c751e8b465ee728b)  -> (artifact id: '6870d110182d0b626d90f5d8fbcf8d50') in 0.011483 seconds 
========================================================================
Received Import Request.
  Time since last request: 0.000021 seconds.
  path: Assets/Oculus/LipSync/Models/RobotHead_TextureFlip/sil.png
  artifactKey: Guid(46b2920291e9b8c4888ad3fe3f5e5e69) Importer(815301076,1909f56bfc062723c751e8b465ee728b)
Start importing Assets/Oculus/LipSync/Models/RobotHead_TextureFlip/sil.png using Guid(46b2920291e9b8c4888ad3fe3f5e5e69) Importer(815301076,1909f56bfc062723c751e8b465ee728b)  -> (artifact id: 'c25398f96ddbf594e4fa764d9942c605') in 0.013012 seconds 
========================================================================
Received Import Request.
  Time since last request: 0.000020 seconds.
  path: Packages/com.unity.inputsystem/InputSystem/Editor/Icons/Touch@2x.png
  artifactKey: Guid(82073a8bfd6b8488a89b8796d500d12d) Importer(815301076,1909f56bfc062723c751e8b465ee728b)
Start importing Packages/com.unity.inputsystem/InputSystem/Editor/Icons/Touch@2x.png using Guid(82073a8bfd6b8488a89b8796d500d12d) Importer(815301076,1909f56bfc062723c751e8b465ee728b)  -> (artifact id: '5edebea51ed5d5e01a6fd61793f0719b') in 0.010975 seconds 
========================================================================
Received Import Request.
  Time since last request: 0.000023 seconds.
  path: Assets/Oculus/Interaction/Samples/Objects/Environment/Room/Textures/skydomeBaked.png
  artifactKey: Guid(061fef3aa88c14e4487ccf80abd293e0) Importer(815301076,1909f56bfc062723c751e8b465ee728b)
Start importing Assets/Oculus/Interaction/Samples/Objects/Environment/Room/Textures/skydomeBaked.png using Guid(061fef3aa88c14e4487ccf80abd293e0) Importer(815301076,1909f56bfc062723c751e8b465ee728b)  -> (artifact id: 'f43a296d3fadac2fef7cfa106a23e785') in 0.012719 seconds 
========================================================================
Received Import Request.
  Time since last request: 0.000024 seconds.
  path: Assets/Oculus/LipSync/Models/FemaleHead_Morph/skin_DIFF.png
  artifactKey: Guid(466d221c743ab400a8318afe7b830593) Importer(815301076,1909f56bfc062723c751e8b465ee728b)
Start importing Assets/Oculus/LipSync/Models/FemaleHead_Morph/skin_DIFF.png using Guid(466d221c743ab400a8318afe7b830593) Importer(815301076,1909f56bfc062723c751e8b465ee728b)  -> (artifact id: '92e79ed2133784c441042974e3bfe23e') in 0.013097 seconds 
========================================================================
Received Import Request.
  Time since last request: 0.023795 seconds.
  path: Packages/com.unity.inputsystem/InputSystem/Editor/Icons/Pen@4x.png
  artifactKey: Guid(acf10446fff184bb98db6350c2c43148) Importer(815301076,1909f56bfc062723c751e8b465ee728b)
Start importing Packages/com.unity.inputsystem/InputSystem/Editor/Icons/Pen@4x.png using Guid(acf10446fff184bb98db6350c2c43148) Importer(815301076,1909f56bfc062723c751e8b465ee728b)  -> (artifact id: '2720051afd84bc23e7de2221e1c1b47b') in 0.011697 seconds 
========================================================================
Received Import Request.
  Time since last request: 0.598861 seconds.
  path: Packages/com.unity.inputsystem/InputSystem/Editor/Icons/Pen@2x.png
  artifactKey: Guid(13fb345befe624412ac0bd0138d7bcf2) Importer(815301076,1909f56bfc062723c751e8b465ee728b)
Start importing Packages/com.unity.inputsystem/InputSystem/Editor/Icons/Pen@2x.png using Guid(13fb345befe624412ac0bd0138d7bcf2) Importer(815301076,1909f56bfc062723c751e8b465ee728b)  -> (artifact id: '00b57a255e254afa84030591952114f8') in 0.022037 seconds 
========================================================================
Received Import Request.
  Time since last request: 0.018311 seconds.
  path: Assets/Oculus/SampleFramework/Usage/OVROverlay/Textures/OVRDisplayApplicationLayerText.png
  artifactKey: Guid(ddb5f7d8796b2c345bfe283cdc368c73) Importer(815301076,1909f56bfc062723c751e8b465ee728b)
Start importing Assets/Oculus/SampleFramework/Usage/OVROverlay/Textures/OVRDisplayApplicationLayerText.png using Guid(ddb5f7d8796b2c345bfe283cdc368c73) Importer(815301076,1909f56bfc062723c751e8b465ee728b)  -> (artifact id: '41ae904f5186e9e2155bbc8842afe304') in 0.014338 seconds 
========================================================================
Received Import Request.
  Time since last request: 0.008524 seconds.
  path: Assets/Oculus/VR/Editor/Textures/odh_icon.png
  artifactKey: Guid(592b5d033c5cbd6478d06dbde1d20462) Importer(815301076,1909f56bfc062723c751e8b465ee728b)
Start importing Assets/Oculus/VR/Editor/Textures/odh_icon.png using Guid(592b5d033c5cbd6478d06dbde1d20462) Importer(815301076,1909f56bfc062723c751e8b465ee728b)  -> (artifact id: 'cbaf79c540c1261349b02106068ef287') in 0.013576 seconds 
========================================================================
Received Import Request.
  Time since last request: 0.000019 seconds.
  path: Assets/Oculus/LipSync/Models/RobotHead_TextureFlip/ou.png
  artifactKey: Guid(660be1fdb8590b14bab012a991bdeb86) Importer(815301076,1909f56bfc062723c751e8b465ee728b)
Start importing Assets/Oculus/LipSync/Models/RobotHead_TextureFlip/ou.png using Guid(660be1fdb8590b14bab012a991bdeb86) Importer(815301076,1909f56bfc062723c751e8b465ee728b)  -> (artifact id: '012576d7a591e1cfb96474e04de24175') in 0.013005 seconds 
========================================================================
Received Import Request.
  Time since last request: 0.000019 seconds.
  path: Assets/Oculus/VR/Textures/Logos/OculusLogoSplash.png
  artifactKey: Guid(3caded05dba914447a5f85650f9f4ab2) Importer(815301076,1909f56bfc062723c751e8b465ee728b)
Start importing Assets/Oculus/VR/Textures/Logos/OculusLogoSplash.png using Guid(3caded05dba914447a5f85650f9f4ab2) Importer(815301076,1909f56bfc062723c751e8b465ee728b)  -> (artifact id: 'a614b35b4890b0c3bee14e6a503dcede') in 0.012601 seconds 
========================================================================
Received Import Request.
  Time since last request: 0.000018 seconds.
  path: Assets/Oculus/SampleFramework/Usage/SpatialAnchor/Textures/OCUI_24_Filled_2x.png
  artifactKey: Guid(7f186a9ac091755489927d745be0185a) Importer(815301076,1909f56bfc062723c751e8b465ee728b)
Start importing Assets/Oculus/SampleFramework/Usage/SpatialAnchor/Textures/OCUI_24_Filled_2x.png using Guid(7f186a9ac091755489927d745be0185a) Importer(815301076,1909f56bfc062723c751e8b465ee728b)  -> (artifact id: '7b1608fe04d0851dfe5aba6340431b04') in 1.363254 seconds 
========================================================================
Received Import Request.
  Time since last request: 0.000031 seconds.
  path: Packages/com.unity.inputsystem/InputSystem/Editor/Icons/Keyboard.png
  artifactKey: Guid(5a5b9538c3aaa4587856e68a93a92a51) Importer(815301076,1909f56bfc062723c751e8b465ee728b)
Start importing Packages/com.unity.inputsystem/InputSystem/Editor/Icons/Keyboard.png using Guid(5a5b9538c3aaa4587856e68a93a92a51) Importer(815301076,1909f56bfc062723c751e8b465ee728b)  -> (artifact id: 'fe105d1a1fca01a1d897bfd4ca419491') in 0.015596 seconds 
========================================================================
Received Import Request.
  Time since last request: 0.000032 seconds.
  path: Packages/com.unity.collab-proxy/Editor/PlasticSCM/Assets/Images/notondisk.png
  artifactKey: Guid(b205f4b28f59dda49af458b35d8a3ff3) Importer(815301076,1909f56bfc062723c751e8b465ee728b)
Start importing Packages/com.unity.collab-proxy/Editor/PlasticSCM/Assets/Images/notondisk.png using Guid(b205f4b28f59dda49af458b35d8a3ff3) Importer(815301076,1909f56bfc062723c751e8b465ee728b)  -> (artifact id: 'af858f0f70abbdc7df1f1c4cf2adb6fb') in 0.018136 seconds 
========================================================================
Received Import Request.
  Time since last request: 0.000024 seconds.
  path: Packages/com.unity.collab-proxy/Editor/PlasticSCM/Assets/Images/iconplasticnotifyconflict@2x.png
  artifactKey: Guid(6e0a54826ffc3ee46b0aa3e1c1575a69) Importer(815301076,1909f56bfc062723c751e8b465ee728b)
Start importing Packages/com.unity.collab-proxy/Editor/PlasticSCM/Assets/Images/iconplasticnotifyconflict@2x.png using Guid(6e0a54826ffc3ee46b0aa3e1c1575a69) Importer(815301076,1909f56bfc062723c751e8b465ee728b)  -> (artifact id: '4722e77edfa77e9fc2abc8f98fd13d0a') in 0.019801 seconds 
========================================================================
Received Import Request.
  Time since last request: 0.000020 seconds.
  path: Packages/com.unity.collab-proxy/Editor/PlasticSCM/Assets/Images/ignored.png
  artifactKey: Guid(595bc97bc8e1e0b46bd4c2148ba3723a) Importer(815301076,1909f56bfc062723c751e8b465ee728b)
Start importing Packages/com.unity.collab-proxy/Editor/PlasticSCM/Assets/Images/ignored.png using Guid(595bc97bc8e1e0b46bd4c2148ba3723a) Importer(815301076,1909f56bfc062723c751e8b465ee728b)  -> (artifact id: 'be61844a6714f6faf6397d825c3a117e') in 0.017795 seconds 
========================================================================
Received Import Request.
  Time since last request: 0.000024 seconds.
  path: Assets/Oculus/SampleFramework/Usage/HandsTrainExample/TrainScene/Lightmap-19_comp_light.exr
  artifactKey: Guid(f2181406b4c6977469197f2bc6ee9e28) Importer(815301076,1909f56bfc062723c751e8b465ee728b)
Start importing Assets/Oculus/SampleFramework/Usage/HandsTrainExample/TrainScene/Lightmap-19_comp_light.exr using Guid(f2181406b4c6977469197f2bc6ee9e28) Importer(815301076,1909f56bfc062723c751e8b465ee728b)  -> (artifact id: '4479e4dc9205b9f7e3c3cfedcd64ae01') in 0.016204 seconds 
========================================================================
Received Import Request.
  Time since last request: 0.000020 seconds.
  path: Assets/Oculus/SampleFramework/Usage/HandsTrainExample/TrainScene/Lightmap-29_comp_shadowmask.png
  artifactKey: Guid(aefbe176b27e6584eaa35f50bcc6e5ab) Importer(815301076,1909f56bfc062723c751e8b465ee728b)
Start importing Assets/Oculus/SampleFramework/Usage/HandsTrainExample/TrainScene/Lightmap-29_comp_shadowmask.png using Guid(aefbe176b27e6584eaa35f50bcc6e5ab) Importer(815301076,1909f56bfc062723c751e8b465ee728b)  -> (artifact id: '673b1230de32413e37200975c39f427c') in 0.012988 seconds 
========================================================================
Received Import Request.
  Time since last request: 0.000020 seconds.
  path: Assets/Oculus/SampleFramework/Usage/HandsTrainExample/TrainScene/Lightmap-28_comp_dir.png
  artifactKey: Guid(d038d6b7c2b7e8c4fa39bf5762f3bd64) Importer(815301076,1909f56bfc062723c751e8b465ee728b)
Start importing Assets/Oculus/SampleFramework/Usage/HandsTrainExample/TrainScene/Lightmap-28_comp_dir.png using Guid(d038d6b7c2b7e8c4fa39bf5762f3bd64) Importer(815301076,1909f56bfc062723c751e8b465ee728b)  -> (artifact id: '348a9e886266ecde2196f6bb80760d69') in 0.015345 seconds 
========================================================================
Received Import Request.
  Time since last request: 0.000020 seconds.
  path: Packages/com.unity.collab-proxy/Editor/PlasticSCM/Assets/Images/iconoutofsyncoverlay@2x.png
  artifactKey: Guid(3728580c149181a44b359e89f6edacae) Importer(815301076,1909f56bfc062723c751e8b465ee728b)
Start importing Packages/com.unity.collab-proxy/Editor/PlasticSCM/Assets/Images/iconoutofsyncoverlay@2x.png using Guid(3728580c149181a44b359e89f6edacae) Importer(815301076,1909f56bfc062723c751e8b465ee728b)  -> (artifact id: '6876db77cb3362d6f159c85e99b94c05') in 0.017438 seconds 
========================================================================
Received Import Request.
  Time since last request: 0.000021 seconds.
  path: Packages/com.unity.collab-proxy/Editor/PlasticSCM/Assets/Images/iconconflicted@2x.png
  artifactKey: Guid(f95f697d66d238446b1ab717def09945) Importer(815301076,1909f56bfc062723c751e8b465ee728b)
Start importing Packages/com.unity.collab-proxy/Editor/PlasticSCM/Assets/Images/iconconflicted@2x.png using Guid(f95f697d66d238446b1ab717def09945) Importer(815301076,1909f56bfc062723c751e8b465ee728b)  -> (artifact id: 'a15979207f2b86b9042453ea67b97f27') in 0.017777 seconds 
========================================================================
Received Import Request.
  Time since last request: 0.000021 seconds.
  path: Assets/Oculus/SampleFramework/Usage/HandsTrainExample/TrainScene/Lightmap-23_comp_shadowmask.png
  artifactKey: Guid(02a8c30682e9f564c8caeaad9907abc4) Importer(815301076,1909f56bfc062723c751e8b465ee728b)
Start importing Assets/Oculus/SampleFramework/Usage/HandsTrainExample/TrainScene/Lightmap-23_comp_shadowmask.png using Guid(02a8c30682e9f564c8caeaad9907abc4) Importer(815301076,1909f56bfc062723c751e8b465ee728b)  -> (artifact id: '3f76bcd1883c8979339dc609a6f58d0b') in 0.014592 seconds 
========================================================================
Received Import Request.
  Time since last request: 0.000038 seconds.
  path: Assets/Oculus/Interaction/Samples/Textures/OCUIIconSet/OCUI_24_Filled_2x.png
  artifactKey: Guid(64f884351318b694f942625580e64a8b) Importer(815301076,1909f56bfc062723c751e8b465ee728b)
Start importing Assets/Oculus/Interaction/Samples/Textures/OCUIIconSet/OCUI_24_Filled_2x.png using Guid(64f884351318b694f942625580e64a8b) Importer(815301076,1909f56bfc062723c751e8b465ee728b)  -> (artifact id: 'ea14a328b3d0880626b4a1241b8e6703') in 1.354676 seconds 
========================================================================
Received Import Request.
  Time since last request: 0.030031 seconds.
  path: Packages/com.unity.inputsystem/InputSystem/Editor/Icons/d_Pen@2x.png
  artifactKey: Guid(96f7582a52a6843c09e0c71617e94f2d) Importer(815301076,1909f56bfc062723c751e8b465ee728b)
Start importing Packages/com.unity.inputsystem/InputSystem/Editor/Icons/d_Pen@2x.png using Guid(96f7582a52a6843c09e0c71617e94f2d) Importer(815301076,1909f56bfc062723c751e8b465ee728b)  -> (artifact id: 'b82a1ff292377a7c68b78342009548bf') in 0.011371 seconds 
========================================================================
Received Import Request.
  Time since last request: 0.014661 seconds.
  path: Packages/com.unity.inputsystem/InputSystem/Editor/Icons/d_Orientation@4x.png
  artifactKey: Guid(de98baf415a2c4d7dbe0de74cb6e171c) Importer(815301076,1909f56bfc062723c751e8b465ee728b)
Start importing Packages/com.unity.inputsystem/InputSystem/Editor/Icons/d_Orientation@4x.png using Guid(de98baf415a2c4d7dbe0de74cb6e171c) Importer(815301076,1909f56bfc062723c751e8b465ee728b)  -> (artifact id: '3bac12b1e5929410fff67ff5dab8c211') in 0.012080 seconds 
========================================================================
Received Import Request.
  Time since last request: 0.019487 seconds.
  path: Packages/com.unity.inputsystem/InputSystem/Editor/Icons/d_Mouse@2x.png
  artifactKey: Guid(daa9ba527d8a34b218224b8287ce11d3) Importer(815301076,1909f56bfc062723c751e8b465ee728b)
Start importing Packages/com.unity.inputsystem/InputSystem/Editor/Icons/d_Mouse@2x.png using Guid(daa9ba527d8a34b218224b8287ce11d3) Importer(815301076,1909f56bfc062723c751e8b465ee728b)  -> (artifact id: '63011a144030166b442460ab3b2b2bb3') in 0.013534 seconds 
========================================================================
Received Import Request.
  Time since last request: 0.002589 seconds.
  path: Packages/com.unity.inputsystem/InputSystem/Editor/Icons/d_Keyboard@4x.png
  artifactKey: Guid(123b6218ad27a41af933311ee524dcdc) Importer(815301076,1909f56bfc062723c751e8b465ee728b)
Start importing Packages/com.unity.inputsystem/InputSystem/Editor/Icons/d_Keyboard@4x.png using Guid(123b6218ad27a41af933311ee524dcdc) Importer(815301076,1909f56bfc062723c751e8b465ee728b)  -> (artifact id: '14fa91be91ec8bfab90e3c5cefc8ace3') in 0.012929 seconds 
========================================================================
Received Import Request.
  Time since last request: 0.000017 seconds.
  path: Packages/com.unity.inputsystem/InputSystem/Editor/Icons/d_Keyboard@2x.png
  artifactKey: Guid(f14e3a4027f834f16b235498ac15bb3f) Importer(815301076,1909f56bfc062723c751e8b465ee728b)
Start importing Packages/com.unity.inputsystem/InputSystem/Editor/Icons/d_Keyboard@2x.png using Guid(f14e3a4027f834f16b235498ac15bb3f) Importer(815301076,1909f56bfc062723c751e8b465ee728b)  -> (artifact id: 'e087266340eaca5eaa898f4425c01762') in 0.010930 seconds 
========================================================================
Received Import Request.
  Time since last request: 0.000016 seconds.
  path: Packages/com.unity.inputsystem/InputSystem/Editor/Icons/d_Joystick@2x.png
  artifactKey: Guid(27fa98be5deb54cbf9c11ffc540272b2) Importer(815301076,1909f56bfc062723c751e8b465ee728b)
Start importing Packages/com.unity.inputsystem/InputSystem/Editor/Icons/d_Joystick@2x.png using Guid(27fa98be5deb54cbf9c11ffc540272b2) Importer(815301076,1909f56bfc062723c751e8b465ee728b)  -> (artifact id: '8270c14a4683a2a01d0ed38e862e5fdb') in 0.011718 seconds 
========================================================================
Received Import Request.
  Time since last request: 0.000017 seconds.
  path: Packages/com.unity.inputsystem/InputSystem/Editor/Icons/d_Interactive Binding@4x.png
  artifactKey: Guid(f4e6ca70dd9734da1a812be882c6364e) Importer(815301076,1909f56bfc062723c751e8b465ee728b)
Start importing Packages/com.unity.inputsystem/InputSystem/Editor/Icons/d_Interactive Binding@4x.png using Guid(f4e6ca70dd9734da1a812be882c6364e) Importer(815301076,1909f56bfc062723c751e8b465ee728b)  -> (artifact id: 'f5da34e841de5df4366dda062e5fa254') in 0.011657 seconds 
========================================================================
Received Import Request.
  Time since last request: 0.000020 seconds.
  path: Packages/com.unity.inputsystem/InputSystem/Editor/Icons/d_InputControl@4x.png
  artifactKey: Guid(e2078613efd9e410c8771cbd2717f4e7) Importer(815301076,1909f56bfc062723c751e8b465ee728b)
Start importing Packages/com.unity.inputsystem/InputSystem/Editor/Icons/d_InputControl@4x.png using Guid(e2078613efd9e410c8771cbd2717f4e7) Importer(815301076,1909f56bfc062723c751e8b465ee728b)  -> (artifact id: '3d4bee6b40aa80bdf70ade8688d0a2d3') in 0.011741 seconds 
========================================================================
Received Import Request.
  Time since last request: 0.013066 seconds.
  path: Packages/com.unity.collab-proxy/Editor/PlasticSCM/Assets/Images/d_iconundo.png
  artifactKey: Guid(691dc543ff5b9ca44bf846657ba04161) Importer(815301076,1909f56bfc062723c751e8b465ee728b)
Start importing Packages/com.unity.collab-proxy/Editor/PlasticSCM/Assets/Images/d_iconundo.png using Guid(691dc543ff5b9ca44bf846657ba04161) Importer(815301076,1909f56bfc062723c751e8b465ee728b)  -> (artifact id: 'd51c8b6e5e6b3636eb1886a6e86fab8c') in 0.018030 seconds 
========================================================================
Received Import Request.
  Time since last request: 0.014653 seconds.
  path: Packages/com.unity.collab-proxy/Editor/PlasticSCM/Assets/Images/d_iconplasticview.png
  artifactKey: Guid(519d97e745e55f041b609f3666cbc037) Importer(815301076,1909f56bfc062723c751e8b465ee728b)
Start importing Packages/com.unity.collab-proxy/Editor/PlasticSCM/Assets/Images/d_iconplasticview.png using Guid(519d97e745e55f041b609f3666cbc037) Importer(815301076,1909f56bfc062723c751e8b465ee728b)  -> (artifact id: '56b1bce10c020197d3f985a546e7b8f7') in 0.015280 seconds 
========================================================================
Received Import Request.
  Time since last request: 0.014882 seconds.
  path: Packages/com.unity.collab-proxy/Editor/PlasticSCM/Assets/Images/d_iconoutofsyncoverlay.png
  artifactKey: Guid(dc633de6e6e7415448c7568418239a9d) Importer(815301076,1909f56bfc062723c751e8b465ee728b)
Start importing Packages/com.unity.collab-proxy/Editor/PlasticSCM/Assets/Images/d_iconoutofsyncoverlay.png using Guid(dc633de6e6e7415448c7568418239a9d) Importer(815301076,1909f56bfc062723c751e8b465ee728b)  -> (artifact id: '2917e029c0cb3f9b9ebb1394b04785e6') in 0.017783 seconds 
========================================================================
Received Import Request.
  Time since last request: 0.000017 seconds.
  path: Packages/com.unity.collab-proxy/Editor/PlasticSCM/Assets/Images/d_iconoutofsync@2x.png
  artifactKey: Guid(f82dfc5fc3c5a8f4080a3550427019c8) Importer(815301076,1909f56bfc062723c751e8b465ee728b)
Start importing Packages/com.unity.collab-proxy/Editor/PlasticSCM/Assets/Images/d_iconoutofsync@2x.png using Guid(f82dfc5fc3c5a8f4080a3550427019c8) Importer(815301076,1909f56bfc062723c751e8b465ee728b)  -> (artifact id: '58af2f9e61a02d53884cb40ee279bdc1') in 0.014671 seconds 
========================================================================
Received Import Request.
  Time since last request: 0.011045 seconds.
  path: Packages/com.unity.collab-proxy/Editor/PlasticSCM/Assets/Images/d_iconemptygravatar.png
  artifactKey: Guid(9aebd705574f9e642aef1e5f59b3e4d8) Importer(815301076,1909f56bfc062723c751e8b465ee728b)
Start importing Packages/com.unity.collab-proxy/Editor/PlasticSCM/Assets/Images/d_iconemptygravatar.png using Guid(9aebd705574f9e642aef1e5f59b3e4d8) Importer(815301076,1909f56bfc062723c751e8b465ee728b)  -> (artifact id: '93497d7f458c647a888f8970853eb377') in 0.016488 seconds 
========================================================================
Received Import Request.
  Time since last request: 0.013100 seconds.
  path: Packages/com.unity.collab-proxy/Editor/PlasticSCM/Assets/Images/d_icondeletedlocaloverlay.png
  artifactKey: Guid(4da274d970a82a943ae3979e7833f3dd) Importer(815301076,1909f56bfc062723c751e8b465ee728b)
Start importing Packages/com.unity.collab-proxy/Editor/PlasticSCM/Assets/Images/d_icondeletedlocaloverlay.png using Guid(4da274d970a82a943ae3979e7833f3dd) Importer(815301076,1909f56bfc062723c751e8b465ee728b)  -> (artifact id: 'f9e6fb2b6d481887563bd9cde8022194') in 0.017078 seconds 
========================================================================
Received Import Request.
  Time since last request: 0.013366 seconds.
  path: Packages/com.unity.collab-proxy/Editor/PlasticSCM/Assets/Images/d_iconconflictedoverlay.png
  artifactKey: Guid(a892bcc7ae1871447926b3c44d158763) Importer(815301076,1909f56bfc062723c751e8b465ee728b)
Start importing Packages/com.unity.collab-proxy/Editor/PlasticSCM/Assets/Images/d_iconconflictedoverlay.png using Guid(a892bcc7ae1871447926b3c44d158763) Importer(815301076,1909f56bfc062723c751e8b465ee728b)  -> (artifact id: '1e3229f98763fe0663ce0151f9e523ad') in 0.018613 seconds 
========================================================================
Received Import Request.
  Time since last request: 0.014821 seconds.
  path: Packages/com.unity.collab-proxy/Editor/PlasticSCM/Assets/Images/d_iconcheckedoutlocaloverlay.png
  artifactKey: Guid(bb1928aff4fd4cf44af1f629dc14ef9b) Importer(815301076,1909f56bfc062723c751e8b465ee728b)
Start importing Packages/com.unity.collab-proxy/Editor/PlasticSCM/Assets/Images/d_iconcheckedoutlocaloverlay.png using Guid(bb1928aff4fd4cf44af1f629dc14ef9b) Importer(815301076,1909f56bfc062723c751e8b465ee728b)  -> (artifact id: 'bf0f3f35014e85a84ff99d568e929eea') in 0.014789 seconds 
========================================================================
Received Import Request.
  Time since last request: 0.013997 seconds.
  path: Packages/com.unity.collab-proxy/Editor/PlasticSCM/Assets/Images/d_iconaddedoverlay.png
  artifactKey: Guid(73d124bf77e463c45942d14136745d9f) Importer(815301076,1909f56bfc062723c751e8b465ee728b)
Start importing Packages/com.unity.collab-proxy/Editor/PlasticSCM/Assets/Images/d_iconaddedoverlay.png using Guid(73d124bf77e463c45942d14136745d9f) Importer(815301076,1909f56bfc062723c751e8b465ee728b)  -> (artifact id: '8de27537bae51d890266d47b4a13ee1c') in 0.015561 seconds 
========================================================================
Received Import Request.
  Time since last request: 0.013232 seconds.
  path: Packages/com.unity.collab-proxy/Editor/PlasticSCM/Assets/Images/d_genericbuhoshe3.png
  artifactKey: Guid(9bb60d9b0987c3747b57516cc172d0c7) Importer(815301076,1909f56bfc062723c751e8b465ee728b)
Start importing Packages/com.unity.collab-proxy/Editor/PlasticSCM/Assets/Images/d_genericbuhoshe3.png using Guid(9bb60d9b0987c3747b57516cc172d0c7) Importer(815301076,1909f56bfc062723c751e8b465ee728b)  -> (artifact id: '5e70efc3509880c0fce6f322650f60f6') in 0.020511 seconds 
========================================================================
Received Import Request.
  Time since last request: 0.005928 seconds.
  path: Packages/com.unity.collab-proxy/Editor/PlasticSCM/Assets/Images/d_genericbuhochristmas2.png
  artifactKey: Guid(5955491dc8dcecb4a993d9a008cf65a7) Importer(815301076,1909f56bfc062723c751e8b465ee728b)
Start importing Packages/com.unity.collab-proxy/Editor/PlasticSCM/Assets/Images/d_genericbuhochristmas2.png using Guid(5955491dc8dcecb4a993d9a008cf65a7) Importer(815301076,1909f56bfc062723c751e8b465ee728b)  -> (artifact id: '60c0cf1525d188200221a88ccc9b4d74') in 0.019605 seconds 
========================================================================
Received Import Request.
  Time since last request: 0.010545 seconds.
  path: Packages/com.unity.collab-proxy/Editor/PlasticSCM/Assets/Images/d_genericbuho1.png
  artifactKey: Guid(43ad51e043491b94d8f6c62d55ac5ede) Importer(815301076,1909f56bfc062723c751e8b465ee728b)
Start importing Packages/com.unity.collab-proxy/Editor/PlasticSCM/Assets/Images/d_genericbuho1.png using Guid(43ad51e043491b94d8f6c62d55ac5ede) Importer(815301076,1909f56bfc062723c751e8b465ee728b)  -> (artifact id: 'a9c628b6a53650f507f64bb1bd3e59c7') in 0.018926 seconds 
========================================================================
Received Import Request.
  Time since last request: 0.011219 seconds.
  path: Packages/com.unity.inputsystem/InputSystem/Editor/Icons/d_Gamepad.png
  artifactKey: Guid(76dc61ff6c2d84b24b0a2ce01dc2842d) Importer(815301076,1909f56bfc062723c751e8b465ee728b)
Start importing Packages/com.unity.inputsystem/InputSystem/Editor/Icons/d_Gamepad.png using Guid(76dc61ff6c2d84b24b0a2ce01dc2842d) Importer(815301076,1909f56bfc062723c751e8b465ee728b)  -> (artifact id: '46ef1362d162cc70dfa4263d7778305a') in 0.010564 seconds 
========================================================================
Received Import Request.
  Time since last request: 0.000017 seconds.
  path: Packages/com.unity.collab-proxy/Editor/PlasticSCM/Assets/Images/d_expertbuhoshe.png
  artifactKey: Guid(8325d4ef0a6eb3d43952aff8a06d9f45) Importer(815301076,1909f56bfc062723c751e8b465ee728b)
Start importing Packages/com.unity.collab-proxy/Editor/PlasticSCM/Assets/Images/d_expertbuhoshe.png using Guid(8325d4ef0a6eb3d43952aff8a06d9f45) Importer(815301076,1909f56bfc062723c751e8b465ee728b)  -> (artifact id: '9f231d2afd9c965ac8e2db089d485f5b') in 0.019469 seconds 
========================================================================
Received Import Request.
  Time since last request: 0.017657 seconds.
  path: Packages/com.unity.inputsystem/InputSystem/Editor/Icons/d_Dpad.png
  artifactKey: Guid(b60b9eb0384c345c89435d0982a6e4fd) Importer(815301076,1909f56bfc062723c751e8b465ee728b)
Start importing Packages/com.unity.inputsystem/InputSystem/Editor/Icons/d_Dpad.png using Guid(b60b9eb0384c345c89435d0982a6e4fd) Importer(815301076,1909f56bfc062723c751e8b465ee728b)  -> (artifact id: '3e05077c06c36cfbf7bfd8485498de14') in 0.014291 seconds 
========================================================================
Received Import Request.
  Time since last request: 0.002138 seconds.
  path: Packages/com.unity.collab-proxy/Editor/PlasticSCM/Assets/Images/d_colorbuhoshe.png
  artifactKey: Guid(a04ecc9d5e12d5d449077414eb86635e) Importer(815301076,1909f56bfc062723c751e8b465ee728b)
Start importing Packages/com.unity.collab-proxy/Editor/PlasticSCM/Assets/Images/d_colorbuhoshe.png using Guid(a04ecc9d5e12d5d449077414eb86635e) Importer(815301076,1909f56bfc062723c751e8b465ee728b)  -> (artifact id: '3d89c17a9fab22a8f941c32b4f42b432') in 0.019673 seconds 
========================================================================
Received Import Request.
  Time since last request: 0.016876 seconds.
  path: Packages/com.unity.collab-proxy/Editor/PlasticSCM/Assets/Images/d_cloudbuhoshe.png
  artifactKey: Guid(dae33700bd23f76409a80bf78fdb8a42) Importer(815301076,1909f56bfc062723c751e8b465ee728b)
Start importing Packages/com.unity.collab-proxy/Editor/PlasticSCM/Assets/Images/d_cloudbuhoshe.png using Guid(dae33700bd23f76409a80bf78fdb8a42) Importer(815301076,1909f56bfc062723c751e8b465ee728b)  -> (artifact id: '178bfa5d0d299898f7b8b5ea50169f8e') in 0.057922 seconds 
========================================================================
Received Import Request.
  Time since last request: 0.006859 seconds.
  path: Packages/com.unity.inputsystem/InputSystem/Editor/Icons/d_ChevronUp.png
  artifactKey: Guid(7fad89501bb5c408e956934bf2eb8ae3) Importer(815301076,1909f56bfc062723c751e8b465ee728b)
Start importing Packages/com.unity.inputsystem/InputSystem/Editor/Icons/d_ChevronUp.png using Guid(7fad89501bb5c408e956934bf2eb8ae3) Importer(815301076,1909f56bfc062723c751e8b465ee728b)  -> (artifact id: 'ac191a8bbbd4b2f760fe4d79c703fd54') in 0.012727 seconds 
========================================================================
Received Import Request.
  Time since last request: 0.000017 seconds.
  path: Packages/com.unity.inputsystem/InputSystem/Editor/Icons/d_ChevronDown@4x.png
  artifactKey: Guid(0de917098a5b848b1a371e570928ce10) Importer(815301076,1909f56bfc062723c751e8b465ee728b)
Start importing Packages/com.unity.inputsystem/InputSystem/Editor/Icons/d_ChevronDown@4x.png using Guid(0de917098a5b848b1a371e570928ce10) Importer(815301076,1909f56bfc062723c751e8b465ee728b)  -> (artifact id: 'a561329dd40dd819a3adbde92c45ed1d') in 0.012598 seconds 
========================================================================
Received Import Request.
  Time since last request: 0.000019 seconds.
  path: Packages/com.unity.inputsystem/InputSystem/Editor/Icons/d_ChevronDown.png
  artifactKey: Guid(06ad495fb07444736b59782982d96250) Importer(815301076,1909f56bfc062723c751e8b465ee728b)
Start importing Packages/com.unity.inputsystem/InputSystem/Editor/Icons/d_ChevronDown.png using Guid(06ad495fb07444736b59782982d96250) Importer(815301076,1909f56bfc062723c751e8b465ee728b)  -> (artifact id: '9387b4ede47fa5d6b0bfbc88e870bb3c') in 0.012084 seconds 
========================================================================
Received Import Request.
  Time since last request: 0.000539 seconds.
  path: Packages/com.unity.collab-proxy/Editor/PlasticSCM/Assets/Images/d_buttonssosigninemail.png
  artifactKey: Guid(3086d66a563317b40a20a20da2c64ac0) Importer(815301076,1909f56bfc062723c751e8b465ee728b)
Start importing Packages/com.unity.collab-proxy/Editor/PlasticSCM/Assets/Images/d_buttonssosigninemail.png using Guid(3086d66a563317b40a20a20da2c64ac0) Importer(815301076,1909f56bfc062723c751e8b465ee728b)  -> (artifact id: '9756ff55ef661152c6141aac88f99e17') in 0.016849 seconds 
========================================================================
Received Import Request.
  Time since last request: 0.000017 seconds.
  path: Packages/com.unity.inputsystem/InputSystem/Editor/Icons/d_Button@2x.png
  artifactKey: Guid(0962795d1cafc460b9027de55b1c0a80) Importer(815301076,1909f56bfc062723c751e8b465ee728b)
Start importing Packages/com.unity.inputsystem/InputSystem/Editor/Icons/d_Button@2x.png using Guid(0962795d1cafc460b9027de55b1c0a80) Importer(815301076,1909f56bfc062723c751e8b465ee728b)  -> (artifact id: 'c347c897daed459381930612fe816513') in 0.016084 seconds 
========================================================================
Received Import Request.
  Time since last request: 0.029765 seconds.
  path: Packages/com.unity.inputsystem/InputSystem/Editor/Icons/d_Axis@2x.png
  artifactKey: Guid(27163f3cda5b9431d928f2b33eeb5cf1) Importer(815301076,1909f56bfc062723c751e8b465ee728b)
Start importing Packages/com.unity.inputsystem/InputSystem/Editor/Icons/d_Axis@2x.png using Guid(27163f3cda5b9431d928f2b33eeb5cf1) Importer(815301076,1909f56bfc062723c751e8b465ee728b)  -> (artifact id: '8aae2cbb30caf50d6ca25a3fa3d900a7') in 0.012238 seconds 
========================================================================
Received Import Request.
  Time since last request: 0.031735 seconds.
  path: Packages/com.unity.inputsystem/InputSystem/Editor/Icons/d_Add Binding@2x.png
  artifactKey: Guid(3d7dc8d6b9a96490b9aa433645712fdf) Importer(815301076,1909f56bfc062723c751e8b465ee728b)
Start importing Packages/com.unity.inputsystem/InputSystem/Editor/Icons/d_Add Binding@2x.png using Guid(3d7dc8d6b9a96490b9aa433645712fdf) Importer(815301076,1909f56bfc062723c751e8b465ee728b)  -> (artifact id: 'af3f1dbd025e2f441616e39796bb67cb') in 0.013742 seconds 
========================================================================
Received Import Request.
  Time since last request: 0.018249 seconds.
  path: Assets/Oculus/SampleFramework/Usage/HandsTrainExample/Textures/ControllerBoxTextures/controller_plain_Normal.png
  artifactKey: Guid(7f8077361e7b21249addda6af5112431) Importer(815301076,1909f56bfc062723c751e8b465ee728b)
Start importing Assets/Oculus/SampleFramework/Usage/HandsTrainExample/Textures/ControllerBoxTextures/controller_plain_Normal.png using Guid(7f8077361e7b21249addda6af5112431) Importer(815301076,1909f56bfc062723c751e8b465ee728b)  -> (artifact id: '8e816bac5c1c312dc2a2110258a1cfba') in 0.014877 seconds 
========================================================================
Received Import Request.
  Time since last request: 0.000029 seconds.
  path: Assets/Oculus/Voice/Lib/Wit.ai/Resources/continue-with-fb.png
  artifactKey: Guid(2ed0be21c4a8bce4fadffab71d5b6e85) Importer(815301076,1909f56bfc062723c751e8b465ee728b)
Start importing Assets/Oculus/Voice/Lib/Wit.ai/Resources/continue-with-fb.png using Guid(2ed0be21c4a8bce4fadffab71d5b6e85) Importer(815301076,1909f56bfc062723c751e8b465ee728b)  -> (artifact id: 'f5c900e077d8b76452722c02f5c502e1') in 0.016819 seconds 
========================================================================
Received Import Request.
  Time since last request: 0.007629 seconds.
  path: Assets/Oculus/SampleFramework/Usage/Locomotion/Textures/concrete_01_msm.png
  artifactKey: Guid(822a095e7cc3f4cce8b355ce5d46f26a) Importer(815301076,1909f56bfc062723c751e8b465ee728b)
Start importing Assets/Oculus/SampleFramework/Usage/Locomotion/Textures/concrete_01_msm.png using Guid(822a095e7cc3f4cce8b355ce5d46f26a) Importer(815301076,1909f56bfc062723c751e8b465ee728b)  -> (artifact id: 'f09cf0d154a716c14914cd98a1709fef') in 0.013807 seconds 
========================================================================
Received Import Request.
  Time since last request: 0.000017 seconds.
  path: Assets/Oculus/VR/Textures/color_ramp_timer.tga
  artifactKey: Guid(8929c8bc5148a624b8c9d6df0ee6f0ca) Importer(815301076,1909f56bfc062723c751e8b465ee728b)
Start importing Assets/Oculus/VR/Textures/color_ramp_timer.tga using Guid(8929c8bc5148a624b8c9d6df0ee6f0ca) Importer(815301076,1909f56bfc062723c751e8b465ee728b)  -> (artifact id: '70f53556d9309273918fbfac0a14916e') in 0.013445 seconds 
========================================================================
Received Import Request.
  Time since last request: 0.000022 seconds.
  path: Packages/com.unity.collab-proxy/Editor/Collaborate/Assets/Icons/collaborate-warning-dark.png
  artifactKey: Guid(0e3edcdf6743ba643999fb3882f1cc15) Importer(815301076,1909f56bfc062723c751e8b465ee728b)
Start importing Packages/com.unity.collab-proxy/Editor/Collaborate/Assets/Icons/collaborate-warning-dark.png using Guid(0e3edcdf6743ba643999fb3882f1cc15) Importer(815301076,1909f56bfc062723c751e8b465ee728b)  -> (artifact id: '49478fbf2d70fbecacb1a222ada1c5ea') in 0.012603 seconds 
========================================================================
Received Import Request.
  Time since last request: 0.000018 seconds.
  path: Packages/com.unity.collab-proxy/Editor/Collaborate/Assets/Icons/collaborate-offline-light@2x.png
  artifactKey: Guid(cabe2c11824b4164984e262821760727) Importer(815301076,1909f56bfc062723c751e8b465ee728b)
Start importing Packages/com.unity.collab-proxy/Editor/Collaborate/Assets/Icons/collaborate-offline-light@2x.png using Guid(cabe2c11824b4164984e262821760727) Importer(815301076,1909f56bfc062723c751e8b465ee728b)  -> (artifact id: '8581acf1ce7020ad6d1f864ca7c7baf5') in 0.011872 seconds 
========================================================================
Received Import Request.
  Time since last request: 0.000017 seconds.
  path: Packages/com.unity.collab-proxy/Editor/Collaborate/Assets/Icons/collaborate-offline-dark.png
  artifactKey: Guid(594fa102c56c0274db9edabc563d7dcb) Importer(815301076,1909f56bfc062723c751e8b465ee728b)
Start importing Packages/com.unity.collab-proxy/Editor/Collaborate/Assets/Icons/collaborate-offline-dark.png using Guid(594fa102c56c0274db9edabc563d7dcb) Importer(815301076,1909f56bfc062723c751e8b465ee728b)  -> (artifact id: 'c057727c7ca5d7bcebe9d7387d8e5066') in 0.013577 seconds 
========================================================================
Received Import Request.
  Time since last request: 0.000023 seconds.
  path: Packages/com.unity.collab-proxy/Editor/Collaborate/Assets/Icons/collaborate-incoming-light.png
  artifactKey: Guid(0919e5a835eb86343b8b1722ea1d32a8) Importer(815301076,1909f56bfc062723c751e8b465ee728b)
Start importing Packages/com.unity.collab-proxy/Editor/Collaborate/Assets/Icons/collaborate-incoming-light.png using Guid(0919e5a835eb86343b8b1722ea1d32a8) Importer(815301076,1909f56bfc062723c751e8b465ee728b)  -> (artifact id: '5c04784a5750ad5375aa206646317f1e') in 0.011032 seconds 
========================================================================
Received Import Request.
  Time since last request: 0.010495 seconds.
  path: Packages/com.unity.collab-proxy/Editor/Collaborate/Assets/Icons/collaborate-done-light.png
  artifactKey: Guid(68d404d4616084f449a3bc644c023f2c) Importer(815301076,1909f56bfc062723c751e8b465ee728b)
Start importing Packages/com.unity.collab-proxy/Editor/Collaborate/Assets/Icons/collaborate-done-light.png using Guid(68d404d4616084f449a3bc644c023f2c) Importer(815301076,1909f56bfc062723c751e8b465ee728b)  -> (artifact id: '3ccbadd000966c44fe6b9221eaf1d4c3') in 0.014691 seconds 
========================================================================
Received Import Request.
  Time since last request: 0.000023 seconds.
  path: Packages/com.unity.collab-proxy/Editor/Collaborate/Assets/Icons/collaborate-done-dark.png
  artifactKey: Guid(80c31f397a3ab184bae2f0d4b3dc5c1d) Importer(815301076,1909f56bfc062723c751e8b465ee728b)
Start importing Packages/com.unity.collab-proxy/Editor/Collaborate/Assets/Icons/collaborate-done-dark.png using Guid(80c31f397a3ab184bae2f0d4b3dc5c1d) Importer(815301076,1909f56bfc062723c751e8b465ee728b)  -> (artifact id: 'c74fe629786c915e4e9bbb2695275ff1') in 0.013091 seconds 
========================================================================
Received Import Request.
  Time since last request: 0.000019 seconds.
  path: Packages/com.unity.collab-proxy/Editor/Collaborate/Assets/Icons/collaborate-available-changes-dark.png
  artifactKey: Guid(07ab2758fd6b77141ae34a703972f385) Importer(815301076,1909f56bfc062723c751e8b465ee728b)
Start importing Packages/com.unity.collab-proxy/Editor/Collaborate/Assets/Icons/collaborate-available-changes-dark.png using Guid(07ab2758fd6b77141ae34a703972f385) Importer(815301076,1909f56bfc062723c751e8b465ee728b)  -> (artifact id: '567381ef0e04ed6cd614e1f4236b0135') in 0.012645 seconds 
========================================================================
Received Import Request.
  Time since last request: 0.000019 seconds.
  path: Packages/com.unity.collab-proxy/Editor/Collaborate/Assets/Icons/clear-light.png
  artifactKey: Guid(713aeedbd53e6b848a68d0755e7a2c74) Importer(815301076,1909f56bfc062723c751e8b465ee728b)
Start importing Packages/com.unity.collab-proxy/Editor/Collaborate/Assets/Icons/clear-light.png using Guid(713aeedbd53e6b848a68d0755e7a2c74) Importer(815301076,1909f56bfc062723c751e8b465ee728b)  -> (artifact id: '672fde0a241065f087b68de5b9830862') in 0.013768 seconds 
========================================================================
Received Import Request.
  Time since last request: 0.000018 seconds.
  path: Packages/com.unity.collab-proxy/Editor/Collaborate/Assets/Icons/clear-dark.png
  artifactKey: Guid(432426364f0e2474b9817a7e5b9dd1c2) Importer(815301076,1909f56bfc062723c751e8b465ee728b)
Start importing Packages/com.unity.collab-proxy/Editor/Collaborate/Assets/Icons/clear-dark.png using Guid(432426364f0e2474b9817a7e5b9dd1c2) Importer(815301076,1909f56bfc062723c751e8b465ee728b)  -> (artifact id: '9ef8bcd7484cea4e4baa9a10c06590eb') in 0.012375 seconds 
========================================================================
Received Import Request.
  Time since last request: 0.017429 seconds.
  path: Packages/com.unity.collab-proxy/Editor/Collaborate/Assets/Icons/choose-mine-dark.png
  artifactKey: Guid(a972d8b163b45d54b89085acf50327e8) Importer(815301076,1909f56bfc062723c751e8b465ee728b)
Start importing Packages/com.unity.collab-proxy/Editor/Collaborate/Assets/Icons/choose-mine-dark.png using Guid(a972d8b163b45d54b89085acf50327e8) Importer(815301076,1909f56bfc062723c751e8b465ee728b)  -> (artifact id: '15c0a0b7f6cc22fcc86ecf714e13c559') in 0.016154 seconds 
========================================================================
Received Import Request.
  Time since last request: 0.000029 seconds.
  path: Packages/com.unity.inputsystem/InputSystem/Editor/Icons/ChevronUp.png
  artifactKey: Guid(a9fe7c3d19af4432b9ae2a5172f4ea72) Importer(815301076,1909f56bfc062723c751e8b465ee728b)
Start importing Packages/com.unity.inputsystem/InputSystem/Editor/Icons/ChevronUp.png using Guid(a9fe7c3d19af4432b9ae2a5172f4ea72) Importer(815301076,1909f56bfc062723c751e8b465ee728b)  -> (artifact id: '4bbbf85ebd73ebb39ba469b74c60b157') in 0.014118 seconds 
========================================================================
Received Import Request.
  Time since last request: 0.015741 seconds.
  path: Packages/com.unity.learn.iet-framework/Editor/UI/Images/Icons/Checkmark.png
  artifactKey: Guid(2ab3362110e144952be226ef0d228d98) Importer(815301076,1909f56bfc062723c751e8b465ee728b)
Start importing Packages/com.unity.learn.iet-framework/Editor/UI/Images/Icons/Checkmark.png using Guid(2ab3362110e144952be226ef0d228d98) Importer(815301076,1909f56bfc062723c751e8b465ee728b)  -> (artifact id: '8fce226853554b2fac5ebdfa117b5803') in 0.012537 seconds 
========================================================================
Received Import Request.
  Time since last request: 0.000021 seconds.
  path: Assets/Oculus/LipSync/Models/RobotHead_TextureFlip/CH.png
  artifactKey: Guid(5e6531e8f56b42547b8d2ddf7a7363d1) Importer(815301076,1909f56bfc062723c751e8b465ee728b)
Start importing Assets/Oculus/LipSync/Models/RobotHead_TextureFlip/CH.png using Guid(5e6531e8f56b42547b8d2ddf7a7363d1) Importer(815301076,1909f56bfc062723c751e8b465ee728b)  -> (artifact id: 'ed070c768ee86b1e0981b3cad3f1ef17') in 0.011637 seconds 
========================================================================
Received Import Request.
  Time since last request: 0.000062 seconds.
  path: Assets/Oculus/Interaction/Samples/Objects/Environment/Room/Textures/CarpetTiling.png
  artifactKey: Guid(5e2a6a0441e3eb94f8f8f5b448763cd8) Importer(815301076,1909f56bfc062723c751e8b465ee728b)
Start importing Assets/Oculus/Interaction/Samples/Objects/Environment/Room/Textures/CarpetTiling.png using Guid(5e2a6a0441e3eb94f8f8f5b448763cd8) Importer(815301076,1909f56bfc062723c751e8b465ee728b)  -> (artifact id: '59de5e416cf49fb0865731c08482caa7') in 0.014597 seconds 
========================================================================
Received Import Request.
  Time since last request: 0.012710 seconds.
  path: Packages/com.unity.textmeshpro/Editor Resources/Textures/btn_AlignRight_Light.psd
  artifactKey: Guid(e05ace3bd15740cda0bad60d89092a5b) Importer(815301076,1909f56bfc062723c751e8b465ee728b)
Start importing Packages/com.unity.textmeshpro/Editor Resources/Textures/btn_AlignRight_Light.psd using Guid(e05ace3bd15740cda0bad60d89092a5b) Importer(815301076,1909f56bfc062723c751e8b465ee728b)  -> (artifact id: '8711d77ff7f261b2b62614f0883baa42') in 0.012397 seconds 
========================================================================
Received Import Request.
  Time since last request: 0.000018 seconds.
  path: Packages/com.unity.textmeshpro/Editor Resources/Textures/btn_AlignMidline_Light.psd
  artifactKey: Guid(bb42b2d967d6427983c901a4ffc8ecd9) Importer(815301076,1909f56bfc062723c751e8b465ee728b)
Start importing Packages/com.unity.textmeshpro/Editor Resources/Textures/btn_AlignMidline_Light.psd using Guid(bb42b2d967d6427983c901a4ffc8ecd9) Importer(815301076,1909f56bfc062723c751e8b465ee728b)  -> (artifact id: '43e30f0c134171a9be71c33fe90c87db') in 0.012140 seconds 
========================================================================
Received Import Request.
  Time since last request: 0.000017 seconds.
  path: Packages/com.unity.textmeshpro/Editor Resources/Textures/btn_AlignMiddle_Light.psd
  artifactKey: Guid(066619c9c9c84f89acb1b48c11a7efe2) Importer(815301076,1909f56bfc062723c751e8b465ee728b)
Start importing Packages/com.unity.textmeshpro/Editor Resources/Textures/btn_AlignMiddle_Light.psd using Guid(066619c9c9c84f89acb1b48c11a7efe2) Importer(815301076,1909f56bfc062723c751e8b465ee728b)  -> (artifact id: 'ad08ff13ffa0826d35361e14509937ab') in 0.009878 seconds 
========================================================================
Received Import Request.
  Time since last request: 0.000016 seconds.
  path: Packages/com.unity.textmeshpro/Editor Resources/Textures/btn_AlignMiddle.psd
  artifactKey: Guid(41b96614b2e6494ba995ddcd252d11ae) Importer(815301076,1909f56bfc062723c751e8b465ee728b)
Start importing Packages/com.unity.textmeshpro/Editor Resources/Textures/btn_AlignMiddle.psd using Guid(41b96614b2e6494ba995ddcd252d11ae) Importer(815301076,1909f56bfc062723c751e8b465ee728b)  -> (artifact id: 'b052295209bacf522eca01736dbbf3fc') in 0.010751 seconds 
========================================================================
Received Import Request.
  Time since last request: 0.016352 seconds.
  path: Packages/com.unity.textmeshpro/Editor Resources/Textures/btn_AlignCenterGeo_Light.psd
  artifactKey: Guid(35ff0937876540d3bd4b6a941df62a92) Importer(815301076,1909f56bfc062723c751e8b465ee728b)
Start importing Packages/com.unity.textmeshpro/Editor Resources/Textures/btn_AlignCenterGeo_Light.psd using Guid(35ff0937876540d3bd4b6a941df62a92) Importer(815301076,1909f56bfc062723c751e8b465ee728b)  -> (artifact id: '4abf290bb7f375810e67bf8fedbbd2ff') in 0.011998 seconds 
========================================================================
Received Import Request.
  Time since last request: 0.000016 seconds.
  path: Packages/com.unity.textmeshpro/Editor Resources/Textures/btn_AlignCenter_Light.psd
  artifactKey: Guid(6ace62d30f494c948b71d5594afce11d) Importer(815301076,1909f56bfc062723c751e8b465ee728b)
Start importing Packages/com.unity.textmeshpro/Editor Resources/Textures/btn_AlignCenter_Light.psd using Guid(6ace62d30f494c948b71d5594afce11d) Importer(815301076,1909f56bfc062723c751e8b465ee728b)  -> (artifact id: '3643e9b32ddd950bc5f68cf833edfcf8') in 0.011713 seconds 
========================================================================
Received Import Request.
  Time since last request: 0.014107 seconds.
  path: Packages/com.unity.textmeshpro/Editor Resources/Textures/btn_AlignBaseLine_Light.psd
  artifactKey: Guid(18775b51e3bd42299fd30bd036ea982f) Importer(815301076,1909f56bfc062723c751e8b465ee728b)
Start importing Packages/com.unity.textmeshpro/Editor Resources/Textures/btn_AlignBaseLine_Light.psd using Guid(18775b51e3bd42299fd30bd036ea982f) Importer(815301076,1909f56bfc062723c751e8b465ee728b)  -> (artifact id: '39c61500d0b7d2eb7c99b99f7935c539') in 0.011133 seconds 
========================================================================
Received Import Request.
  Time since last request: 0.000021 seconds.
  path: Assets/Oculus/Interaction/Samples/Objects/Props/Torch/Particles/Textures/brazier_pool.tga
  artifactKey: Guid(3e29d3fb29ee7724ba12eb9829a4910f) Importer(815301076,1909f56bfc062723c751e8b465ee728b)
Start importing Assets/Oculus/Interaction/Samples/Objects/Props/Torch/Particles/Textures/brazier_pool.tga using Guid(3e29d3fb29ee7724ba12eb9829a4910f) Importer(815301076,1909f56bfc062723c751e8b465ee728b)  -> (artifact id: 'f5c73aa9d08ff1cce249eb02c735f5dc') in 0.013411 seconds 
========================================================================
Received Import Request.
  Time since last request: 0.002068 seconds.
  path: Assets/Oculus/SampleFramework/Usage/Passthrough/Materials/skybox/bottom.jpg
  artifactKey: Guid(7cbf94c9a4e2f4272810594d615faa56) Importer(815301076,1909f56bfc062723c751e8b465ee728b)
Start importing Assets/Oculus/SampleFramework/Usage/Passthrough/Materials/skybox/bottom.jpg using Guid(7cbf94c9a4e2f4272810594d615faa56) Importer(815301076,1909f56bfc062723c751e8b465ee728b)  -> (artifact id: '63d7b5988dc7c2ffe789e5ab817cd838') in 0.013609 seconds 
========================================================================
Received Prepare
Registering precompiled user dll's ...
Registered in 0.005417 seconds.
Begin MonoManager ReloadAssembly
Native extension for WindowsStandalone target not found
Refreshing native plugins compatible for Editor in 1.61 ms, found 13 plugins.
Preloading 1 native plugins for Editor in 0.06 ms.
Mono: successfully reloaded assembly
- Completed reload, in  0.885 seconds
Domain Reload Profiling:
	ReloadAssembly (886ms)
		BeginReloadAssembly (111ms)
			ExecutionOrderSort (0ms)
			DisableScriptedObjects (6ms)
			BackupInstance (0ms)
			ReleaseScriptingObjects (0ms)
			CreateAndSetChildDomain (48ms)
		EndReloadAssembly (725ms)
			LoadAssemblies (52ms)
			RebuildTransferFunctionScriptingTraits (0ms)
			SetupTypeCache (217ms)
			ReleaseScriptCaches (2ms)
			RebuildScriptCaches (47ms)
			SetupLoadedEditorAssemblies (347ms)
				LogAssemblyErrors (0ms)
				InitializePlatformSupportModulesInManaged (6ms)
				SetLoadedEditorAssemblies (0ms)
				RefreshPlugins (2ms)
				BeforeProcessingInitializeOnLoad (80ms)
				ProcessInitializeOnLoadAttributes (206ms)
				ProcessInitializeOnLoadMethodAttributes (49ms)
				AfterProcessingInitializeOnLoad (3ms)
				EditorAssembliesLoaded (0ms)
			ExecutionOrderSort2 (0ms)
			AwakeInstancesAfterBackupRestoration (13ms)
Platform modules already initialized, skipping
Shader 'Oculus/OVRMRCameraFrameLit': fallback shader 'Alpha-Diffuse' not found
Refreshing native plugins compatible for Editor in 4.94 ms, found 13 plugins.
Preloading 1 native plugins for Editor in 0.03 ms.
Unloading 7839 Unused Serialized files (Serialized files now loaded: 0)
Unloading 77 unused Assets / (1.5 MB). Loaded Objects now: 8622.
Memory consumption went from 325.6 MB to 324.1 MB.
Total: 3.962900 ms (FindLiveObjects: 0.538900 ms CreateObjectMapping: 0.113500 ms MarkObjects: 2.912000 ms  DeleteObjects: 0.397700 ms)

AssetImportParameters requested are different than current active one (requested -> active):
  custom:video-decoder-ogg-theora: a1e56fd34408186e4bbccfd4996cb3dc -> 
  custom:container-muxer-webm: aa71ff27fc2769a1b78a27578f13a17b -> 
  custom:container-demuxer-webm: 4f35f7cbe854078d1ac9338744f61a02 -> 
  custom:video-encoder-webm-vp8: eb34c28f22e8b96e1ab97ce403110664 -> 
  custom:audio-encoder-webm-vorbis: bf7c407c2cedff20999df2af8eb42d56 -> 
  custom:framework-win-MediaFoundation: 216162199b28c13a410421893ffa2e32 -> 
  custom:container-demuxer-ogg: 62fdf1f143b41e24485cea50d1cbac27 -> 
  custom:video-decoder-webm-vp8: 9c59270c3fd7afecdb556c50c9e8de78 -> 
  custom:audio-decoder-ogg-vorbis: bf7c407c2cedff20999df2af8eb42d56 -> 
========================================================================
Received Import Request.
  Time since last request: 507.493957 seconds.
  path: Assets/VFX/Smoke (1).prefab
  artifactKey: Guid(92985d46d2567ae458373e039b4e0cff) Importer(815301076,1909f56bfc062723c751e8b465ee728b)
Start importing Assets/VFX/Smoke (1).prefab using Guid(92985d46d2567ae458373e039b4e0cff) Importer(815301076,1909f56bfc062723c751e8b465ee728b)  -> (artifact id: 'e86b9889e11955c1ebf1fc4231022906') in 0.133932 seconds 
========================================================================
Received Import Request.
  Time since last request: 8.382292 seconds.
  path: Assets/Oculus/Interaction/Samples/Objects/Environment/Room/Materials/SmallRoomWoodMat.mat
  artifactKey: Guid(210293e7bc746264fb59293ebb63e4f3) Importer(815301076,1909f56bfc062723c751e8b465ee728b)
Start importing Assets/Oculus/Interaction/Samples/Objects/Environment/Room/Materials/SmallRoomWoodMat.mat using Guid(210293e7bc746264fb59293ebb63e4f3) Importer(815301076,1909f56bfc062723c751e8b465ee728b)  -> (artifact id: 'c384459c4ba716196f0f5f9e137976a2') in 0.027419 seconds 
========================================================================
Received Import Request.
  Time since last request: 0.000022 seconds.
  path: Assets/Oculus/SampleFramework/Usage/SharedAssets/Materials/SoccerWhite.mat
  artifactKey: Guid(a6f1778430eac934d8d2b1514f4b023f) Importer(815301076,1909f56bfc062723c751e8b465ee728b)
Start importing Assets/Oculus/SampleFramework/Usage/SharedAssets/Materials/SoccerWhite.mat using Guid(a6f1778430eac934d8d2b1514f4b023f) Importer(815301076,1909f56bfc062723c751e8b465ee728b)  -> (artifact id: 'fc2c40143237b3699685dd9d9fe41a51') in 0.018506 seconds 
========================================================================
Received Import Request.
  Time since last request: 0.000022 seconds.
  path: Assets/Oculus/SampleFramework/Usage/HandsTrainExample/Materials/SmokeMat.mat
  artifactKey: Guid(463470a59e6ccd448999b90b0fe8a1b4) Importer(815301076,1909f56bfc062723c751e8b465ee728b)
Start importing Assets/Oculus/SampleFramework/Usage/HandsTrainExample/Materials/SmokeMat.mat using Guid(463470a59e6ccd448999b90b0fe8a1b4) Importer(815301076,1909f56bfc062723c751e8b465ee728b)  -> (artifact id: 'dea425497485de7eb1ecb48f59d3394b') in 0.015086 seconds 
========================================================================
Received Import Request.
  Time since last request: 0.000020 seconds.
  path: Assets/Oculus/SampleFramework/Usage/DistanceGrab/Materials/SoccerBlackWithOutline.mat
  artifactKey: Guid(66fffd1e8231547c79ebe557deb6c501) Importer(815301076,1909f56bfc062723c751e8b465ee728b)
Start importing Assets/Oculus/SampleFramework/Usage/DistanceGrab/Materials/SoccerBlackWithOutline.mat using Guid(66fffd1e8231547c79ebe557deb6c501) Importer(815301076,1909f56bfc062723c751e8b465ee728b)  -> (artifact id: 'd591780257fc44a35d4ade95b85a60ce') in 0.026666 seconds 
========================================================================
Received Import Request.
  Time since last request: 1.013523 seconds.
  path: Assets/Oculus/Spatializer/scenes/materials/SpatializedObject1.mat
  artifactKey: Guid(6498d4298a35c5c44894b5f194468896) Importer(815301076,1909f56bfc062723c751e8b465ee728b)
Start importing Assets/Oculus/Spatializer/scenes/materials/SpatializedObject1.mat using Guid(6498d4298a35c5c44894b5f194468896) Importer(815301076,1909f56bfc062723c751e8b465ee728b)  -> (artifact id: '2f54d0947af11189a3ea02dd0c96434b') in 0.053582 seconds 
========================================================================
Received Import Request.
  Time since last request: 7.504613 seconds.
  path: Assets/Oculus/SampleFramework/Usage/DistanceGrab/Materials/SportsBottleLidWithOutline.mat
  artifactKey: Guid(c4838c9fceddb43a5b32cf5f3d35522d) Importer(815301076,1909f56bfc062723c751e8b465ee728b)
Start importing Assets/Oculus/SampleFramework/Usage/DistanceGrab/Materials/SportsBottleLidWithOutline.mat using Guid(c4838c9fceddb43a5b32cf5f3d35522d) Importer(815301076,1909f56bfc062723c751e8b465ee728b)  -> (artifact id: '0cf82f6baa6819e09f1754f8389bc211') in 0.014195 seconds 
========================================================================
Received Import Request.
  Time since last request: 0.014204 seconds.
  path: Assets/Oculus/Interaction/Samples/Objects/Props/SprayBottle/Materials/SprayBottleMat.mat
  artifactKey: Guid(a3c7c28078c767c4d99a4ef2cdfad045) Importer(815301076,1909f56bfc062723c751e8b465ee728b)
Start importing Assets/Oculus/Interaction/Samples/Objects/Props/SprayBottle/Materials/SprayBottleMat.mat using Guid(a3c7c28078c767c4d99a4ef2cdfad045) Importer(815301076,1909f56bfc062723c751e8b465ee728b)  -> (artifact id: '0571e9aaf52f6c570c9296259b4fb82b') in 0.014691 seconds 
========================================================================
Received Import Request.
  Time since last request: 0.296994 seconds.
  path: Assets/Oculus/Interaction/Samples/Objects/Props/StonePolyhedra/Materials/StonePolyhedraMat.mat
  artifactKey: Guid(4ed2a68815c34a34d8711a74f0b3e8ad) Importer(815301076,1909f56bfc062723c751e8b465ee728b)
Start importing Assets/Oculus/Interaction/Samples/Objects/Props/StonePolyhedra/Materials/StonePolyhedraMat.mat using Guid(4ed2a68815c34a34d8711a74f0b3e8ad) Importer(815301076,1909f56bfc062723c751e8b465ee728b)  -> (artifact id: '84fdec3f629dd6a4ed8e5008ea9b41d6') in 0.029465 seconds 
========================================================================
Received Import Request.
  Time since last request: 0.537471 seconds.
  path: Assets/Oculus/SampleFramework/Usage/TouchPro/Materials/TableMat.mat
  artifactKey: Guid(e7b3963e7b64bd5428c8ca22fc5443a3) Importer(815301076,1909f56bfc062723c751e8b465ee728b)
Start importing Assets/Oculus/SampleFramework/Usage/TouchPro/Materials/TableMat.mat using Guid(e7b3963e7b64bd5428c8ca22fc5443a3) Importer(815301076,1909f56bfc062723c751e8b465ee728b)  -> (artifact id: '704cddf1df1d1983d22360e17be07700') in 0.022143 seconds 
========================================================================
Received Import Request.
  Time since last request: 0.421658 seconds.
  path: Assets/Oculus/SampleFramework/Core/HandsInteraction/Materials/TargetMaterial.mat
  artifactKey: Guid(7c4fbc253f678a74f8135c524ac84bfe) Importer(815301076,1909f56bfc062723c751e8b465ee728b)
Start importing Assets/Oculus/SampleFramework/Core/HandsInteraction/Materials/TargetMaterial.mat using Guid(7c4fbc253f678a74f8135c524ac84bfe) Importer(815301076,1909f56bfc062723c751e8b465ee728b)  -> (artifact id: '17a35ad5d7435dd165452b870b4acf78') in 0.025001 seconds 
========================================================================
Received Import Request.
  Time since last request: 0.264870 seconds.
  path: Assets/Oculus/Interaction/Samples/Objects/Environment/Room/Models/SmallRoom.fbx
  artifactKey: Guid(78906942dba6db24ca155679a45f60ef) Importer(815301076,1909f56bfc062723c751e8b465ee728b)
Start importing Assets/Oculus/Interaction/Samples/Objects/Environment/Room/Models/SmallRoom.fbx using Guid(78906942dba6db24ca155679a45f60ef) Importer(815301076,1909f56bfc062723c751e8b465ee728b)  -> (artifact id: '8830cd9cda33c1ee2f4c856849bbaa67') in 0.336705 seconds 
========================================================================
Received Import Request.
  Time since last request: 0.404566 seconds.
  path: Assets/Materials/Testing/Test.mat
  artifactKey: Guid(91b6c82de3d03654ab351ed2ab858dcf) Importer(815301076,1909f56bfc062723c751e8b465ee728b)
Start importing Assets/Materials/Testing/Test.mat using Guid(91b6c82de3d03654ab351ed2ab858dcf) Importer(815301076,1909f56bfc062723c751e8b465ee728b)  -> (artifact id: 'ed311f4816b0d5bbb57cc4cb5eb9fc98') in 0.015311 seconds 
========================================================================
Received Import Request.
  Time since last request: 0.162218 seconds.
  path: Assets/Materials/Testing/Test 2.mat
  artifactKey: Guid(548a8138cb59ff645b26b8e1d440c652) Importer(815301076,1909f56bfc062723c751e8b465ee728b)
Start importing Assets/Materials/Testing/Test 2.mat using Guid(548a8138cb59ff645b26b8e1d440c652) Importer(815301076,1909f56bfc062723c751e8b465ee728b)  -> (artifact id: 'edcb02860503c58aadb29ce77d0e8c18') in 0.011582 seconds 
========================================================================
Received Import Request.
  Time since last request: 3.594139 seconds.
  path: Assets/Materials/Testing/Test 5.mat
  artifactKey: Guid(3b08f068f37f4dd4f8b7921d1280085c) Importer(815301076,1909f56bfc062723c751e8b465ee728b)
Start importing Assets/Materials/Testing/Test 5.mat using Guid(3b08f068f37f4dd4f8b7921d1280085c) Importer(815301076,1909f56bfc062723c751e8b465ee728b)  -> (artifact id: 'f8cf5cf2bcc6c56adceebc25cf02ded9') in 0.010705 seconds 
========================================================================
Received Import Request.
  Time since last request: 0.063611 seconds.
  path: Assets/Materials/Testing/Test 7.mat
  artifactKey: Guid(e2a4ce2eb8749e24abdf3b2e3fc80654) Importer(815301076,1909f56bfc062723c751e8b465ee728b)
Start importing Assets/Materials/Testing/Test 7.mat using Guid(e2a4ce2eb8749e24abdf3b2e3fc80654) Importer(815301076,1909f56bfc062723c751e8b465ee728b)  -> (artifact id: 'a2318d81831771732cb44832878e3106') in 0.019596 seconds 
========================================================================
Received Import Request.
  Time since last request: 2.161590 seconds.
  path: Assets/Materials/Testing/Test 9.mat
  artifactKey: Guid(6434426fe71381c4680007e8dcf1b61b) Importer(815301076,1909f56bfc062723c751e8b465ee728b)
Start importing Assets/Materials/Testing/Test 9.mat using Guid(6434426fe71381c4680007e8dcf1b61b) Importer(815301076,1909f56bfc062723c751e8b465ee728b)  -> (artifact id: 'ee0c064ccaa85e1a9efb4b66ae2110b7') in 0.023795 seconds 
========================================================================
Received Import Request.
  Time since last request: 0.035315 seconds.
  path: Assets/Oculus/Interaction/Samples/Materials/ThumbsUp.mat
  artifactKey: Guid(a4c9f2c1fbaa2df4b96621830e060af2) Importer(815301076,1909f56bfc062723c751e8b465ee728b)
Start importing Assets/Oculus/Interaction/Samples/Materials/ThumbsUp.mat using Guid(a4c9f2c1fbaa2df4b96621830e060af2) Importer(815301076,1909f56bfc062723c751e8b465ee728b)  -> (artifact id: '7222349eca17a2ba3a1548a8a85e4a49') in 0.014370 seconds 
========================================================================
Received Import Request.
  Time since last request: 0.263842 seconds.
  path: Assets/Oculus/SampleFramework/Usage/OVROverlay/Materials/Tile_Mat_BackgroundHighlight.mat
  artifactKey: Guid(081039a448bec6e48827af5f9b606f83) Importer(815301076,1909f56bfc062723c751e8b465ee728b)
Start importing Assets/Oculus/SampleFramework/Usage/OVROverlay/Materials/Tile_Mat_BackgroundHighlight.mat using Guid(081039a448bec6e48827af5f9b606f83) Importer(815301076,1909f56bfc062723c751e8b465ee728b)  -> (artifact id: 'dfe2bea426361038832a99363f1671ba') in 0.012615 seconds 
========================================================================
Received Import Request.
  Time since last request: 0.042588 seconds.
  path: Assets/Oculus/SampleFramework/Usage/OVROverlay/Materials/Tile_Mat_CinemaText.mat
  artifactKey: Guid(a637033578b1e584f9d9f4d5255d5998) Importer(815301076,1909f56bfc062723c751e8b465ee728b)
Start importing Assets/Oculus/SampleFramework/Usage/OVROverlay/Materials/Tile_Mat_CinemaText.mat using Guid(a637033578b1e584f9d9f4d5255d5998) Importer(815301076,1909f56bfc062723c751e8b465ee728b)  -> (artifact id: 'd245daad1dbdc7846e9e26e2534ee8c5') in 0.032211 seconds 
========================================================================
Received Import Request.
  Time since last request: 0.343834 seconds.
  path: Assets/Oculus/SampleFramework/Usage/OVROverlay/Materials/Tile_Mat_Henry.mat
  artifactKey: Guid(e4486e58dde90df498b2efdcf4292917) Importer(815301076,1909f56bfc062723c751e8b465ee728b)
Start importing Assets/Oculus/SampleFramework/Usage/OVROverlay/Materials/Tile_Mat_Henry.mat using Guid(e4486e58dde90df498b2efdcf4292917) Importer(815301076,1909f56bfc062723c751e8b465ee728b)  -> (artifact id: '7b337f850815c3fe15ca03b99f48bceb') in 0.015413 seconds 
========================================================================
Received Import Request.
  Time since last request: 0.025486 seconds.
  path: Assets/Oculus/SampleFramework/Usage/OVROverlay/Materials/Tile_Mat_OculusVideo.mat
  artifactKey: Guid(094be3701c9869d41b1dadbb555ee720) Importer(815301076,1909f56bfc062723c751e8b465ee728b)
Start importing Assets/Oculus/SampleFramework/Usage/OVROverlay/Materials/Tile_Mat_OculusVideo.mat using Guid(094be3701c9869d41b1dadbb555ee720) Importer(815301076,1909f56bfc062723c751e8b465ee728b)  -> (artifact id: '77edfb690f71ce56ffed49064216d462') in 0.017334 seconds 
========================================================================
Received Import Request.
  Time since last request: 2.418480 seconds.
  path: Assets/Oculus/SampleFramework/Core/TouchControllers/Models/touch_controller_MAT.mat
  artifactKey: Guid(d8a202bc350b09c4e808ea37c6929755) Importer(815301076,1909f56bfc062723c751e8b465ee728b)
Start importing Assets/Oculus/SampleFramework/Core/TouchControllers/Models/touch_controller_MAT.mat using Guid(d8a202bc350b09c4e808ea37c6929755) Importer(815301076,1909f56bfc062723c751e8b465ee728b)  -> (artifact id: 'ecb8acad8094b5268c8ba7cc10873346') in 0.037255 seconds 
========================================================================
Received Import Request.
  Time since last request: 4.934269 seconds.
  path: Assets/Oculus/SampleFramework/Usage/SharedAssets/Materials/ToyBallMat.mat
  artifactKey: Guid(b0b0cd8f767a3f34384866cbf226b83b) Importer(815301076,1909f56bfc062723c751e8b465ee728b)
Start importing Assets/Oculus/SampleFramework/Usage/SharedAssets/Materials/ToyBallMat.mat using Guid(b0b0cd8f767a3f34384866cbf226b83b) Importer(815301076,1909f56bfc062723c751e8b465ee728b)  -> (artifact id: '3d4bddc68f81b610bad83344c58305ba') in 0.068954 seconds 
========================================================================
Received Import Request.
  Time since last request: 0.340529 seconds.
  path: Assets/Oculus/Interaction/Runtime/Materials/TransparentStandard.mat
  artifactKey: Guid(c2ace68b1ed79454a8d2febfb98c4a2b) Importer(815301076,1909f56bfc062723c751e8b465ee728b)
Start importing Assets/Oculus/Interaction/Runtime/Materials/TransparentStandard.mat using Guid(c2ace68b1ed79454a8d2febfb98c4a2b) Importer(815301076,1909f56bfc062723c751e8b465ee728b)  -> (artifact id: '6de3ae2ddcbd7df387de7115dae060a6') in 0.034911 seconds 
========================================================================
Received Import Request.
  Time since last request: 0.055436 seconds.
  path: Assets/Oculus/SampleFramework/Usage/Locomotion/Materials/TriPlanarWorld.mat
  artifactKey: Guid(6551c660b2c93764687b704adf6cb1dc) Importer(815301076,1909f56bfc062723c751e8b465ee728b)
Start importing Assets/Oculus/SampleFramework/Usage/Locomotion/Materials/TriPlanarWorld.mat using Guid(6551c660b2c93764687b704adf6cb1dc) Importer(815301076,1909f56bfc062723c751e8b465ee728b)  -> (artifact id: '03b0f03644df2a635bc97c860b3a65d3') in 0.014707 seconds 
========================================================================
Received Import Request.
  Time since last request: 0.204338 seconds.
  path: Assets/Oculus/SampleFramework/Usage/OVROverlayCanvas/Materials/UI Default Correct.mat
  artifactKey: Guid(c303ccfd63b005d4bbdb8f0bbf9e834b) Importer(815301076,1909f56bfc062723c751e8b465ee728b)
Start importing Assets/Oculus/SampleFramework/Usage/OVROverlayCanvas/Materials/UI Default Correct.mat using Guid(c303ccfd63b005d4bbdb8f0bbf9e834b) Importer(815301076,1909f56bfc062723c751e8b465ee728b)  -> (artifact id: 'eedf3b338c40b178d4514ee6b78922d5') in 0.023002 seconds 
========================================================================
Received Import Request.
  Time since last request: 0.013449 seconds.
  path: Assets/Oculus/SampleFramework/Usage/SpatialAnchor/Meshs/AnchorModel.fbx
  artifactKey: Guid(80e6035dc653427458a8ff49ad454eee) Importer(815301076,1909f56bfc062723c751e8b465ee728b)
Start importing Assets/Oculus/SampleFramework/Usage/SpatialAnchor/Meshs/AnchorModel.fbx using Guid(80e6035dc653427458a8ff49ad454eee) Importer(815301076,1909f56bfc062723c751e8b465ee728b)  -> (artifact id: '5e6591f9aeaf909cc5e174c327b51f16') in 0.088930 seconds 
========================================================================
Received Import Request.
  Time since last request: 0.212526 seconds.
  path: Assets/Oculus/Interaction/Runtime/Materials/Unlit Material.mat
  artifactKey: Guid(f0d16396e840d534aa085e8f2c700786) Importer(815301076,1909f56bfc062723c751e8b465ee728b)
Start importing Assets/Oculus/Interaction/Runtime/Materials/Unlit Material.mat using Guid(f0d16396e840d534aa085e8f2c700786) Importer(815301076,1909f56bfc062723c751e8b465ee728b)  -> (artifact id: 'bd978ed5ffa853702562681fe0d83a7d') in 0.014469 seconds 
========================================================================
Received Import Request.
  Time since last request: 0.000020 seconds.
  path: Assets/Materials/Wall.mat
  artifactKey: Guid(2c9250e24e12e544487987fe8a1c8f32) Importer(815301076,1909f56bfc062723c751e8b465ee728b)
Start importing Assets/Materials/Wall.mat using Guid(2c9250e24e12e544487987fe8a1c8f32) Importer(815301076,1909f56bfc062723c751e8b465ee728b)  -> (artifact id: '43096c571c3c84509156080a4881f525') in 0.010736 seconds 
========================================================================
Received Import Request.
  Time since last request: 0.021043 seconds.
  path: Assets/Oculus/Interaction/Samples/Scripts/HandGrabUse/Effects/WaterSpray/WaterSpray.mat
  artifactKey: Guid(44092c54cacca1046ac25e52c878a0c7) Importer(815301076,1909f56bfc062723c751e8b465ee728b)
Start importing Assets/Oculus/Interaction/Samples/Scripts/HandGrabUse/Effects/WaterSpray/WaterSpray.mat using Guid(44092c54cacca1046ac25e52c878a0c7) Importer(815301076,1909f56bfc062723c751e8b465ee728b)  -> (artifact id: '9412593d6ba8b7e33710f162e8b27ec6') in 0.014184 seconds 
========================================================================
Received Import Request.
  Time since last request: 0.233657 seconds.
  path: Assets/Materials/BaseColors/White Outside.mat
  artifactKey: Guid(45157b7deb1629441bdfb7c3898a0a0f) Importer(815301076,1909f56bfc062723c751e8b465ee728b)
Start importing Assets/Materials/BaseColors/White Outside.mat using Guid(45157b7deb1629441bdfb7c3898a0a0f) Importer(815301076,1909f56bfc062723c751e8b465ee728b)  -> (artifact id: '4229952c0d8cb1519e56ccafa83a4ecf') in 0.018909 seconds 
========================================================================
Received Import Request.
  Time since last request: 0.014015 seconds.
  path: Assets/Oculus/SampleFramework/Usage/Passthrough/Materials/WhiteUnlit.mat
  artifactKey: Guid(89681c510a2d4144f82986df469f44a1) Importer(815301076,1909f56bfc062723c751e8b465ee728b)
Start importing Assets/Oculus/SampleFramework/Usage/Passthrough/Materials/WhiteUnlit.mat using Guid(89681c510a2d4144f82986df469f44a1) Importer(815301076,1909f56bfc062723c751e8b465ee728b)  -> (artifact id: '9b89a4eddcd23c3d47900ee05f2691d0') in 0.013627 seconds 
========================================================================
Received Import Request.
  Time since last request: 0.288999 seconds.
  path: Assets/Materials/Axe/Wood.mat
  artifactKey: Guid(0035941e0077aed4caf83044cf378900) Importer(815301076,1909f56bfc062723c751e8b465ee728b)
Start importing Assets/Materials/Axe/Wood.mat using Guid(0035941e0077aed4caf83044cf378900) Importer(815301076,1909f56bfc062723c751e8b465ee728b)  -> (artifact id: '1f577060625822a0886672ff48c4cd8b') in 0.618918 seconds 
