Using pre-set license
Built from '2021.3/staging' branch; Version is '2021.3.10f1 (1c7d0df0160b) revision 1867021'; Using compiler version '192829333'; Build Type 'Release'
OS: 'Windows 11  (10.0.22621) 64bit Professional' Language: 'en' Physical Memory: 31891 MB
BatchMode: 1, IsHumanControllingUs: 0, StartBugReporterOnCrash: 0, Is64bit: 1, IsPro: 1

COMMAND LINE ARGUMENTS:
C:\Program Files\Unity 2021.3.10f1\Editor\Unity.exe
-adb2
-batchMode
-noUpm
-name
AssetImportWorker0
-projectPath
C:/Users/Sergiu/Documents/GitHub/Year2Block2/Year2Block2
-logFile
Logs/AssetImportWorker0.log
-srvPort
53553
Successfully changed project path to: C:/Users/Sergiu/Documents/GitHub/Year2Block2/Year2Block2
C:/Users/Sergiu/Documents/GitHub/Year2Block2/Year2Block2
[UnityMemory] Configuration Parameters - Can be set up in boot.config
    "memorysetup-bucket-allocator-granularity=16"
    "memorysetup-bucket-allocator-bucket-count=8"
    "memorysetup-bucket-allocator-block-size=33554432"
    "memorysetup-bucket-allocator-block-count=8"
    "memorysetup-main-allocator-block-size=16777216"
    "memorysetup-thread-allocator-block-size=16777216"
    "memorysetup-gfx-main-allocator-block-size=16777216"
    "memorysetup-gfx-thread-allocator-block-size=16777216"
    "memorysetup-cache-allocator-block-size=4194304"
    "memorysetup-typetree-allocator-block-size=2097152"
    "memorysetup-profiler-bucket-allocator-granularity=16"
    "memorysetup-profiler-bucket-allocator-bucket-count=8"
    "memorysetup-profiler-bucket-allocator-block-size=33554432"
    "memorysetup-profiler-bucket-allocator-block-count=8"
    "memorysetup-profiler-allocator-block-size=16777216"
    "memorysetup-profiler-editor-allocator-block-size=1048576"
    "memorysetup-temp-allocator-size-main=16777216"
    "memorysetup-job-temp-allocator-block-size=2097152"
    "memorysetup-job-temp-allocator-block-size-background=1048576"
    "memorysetup-job-temp-allocator-reduction-small-platforms=262144"
    "memorysetup-temp-allocator-size-background-worker=32768"
    "memorysetup-temp-allocator-size-job-worker=262144"
    "memorysetup-temp-allocator-size-preload-manager=33554432"
    "memorysetup-temp-allocator-size-nav-mesh-worker=65536"
    "memorysetup-temp-allocator-size-audio-worker=65536"
    "memorysetup-temp-allocator-size-cloud-worker=32768"
    "memorysetup-temp-allocator-size-gi-baking-worker=262144"
    "memorysetup-temp-allocator-size-gfx=262144"
Refreshing native plugins compatible for Editor in 108.67 ms, found 13 plugins.
Preloading 1 native plugins for Editor in 0.44 ms.
Initialize engine version: 2021.3.10f1 (1c7d0df0160b)
[Subsystems] Discovering subsystems at path C:/Program Files/Unity 2021.3.10f1/Editor/Data/Resources/UnitySubsystems
[Subsystems] Discovering subsystems at path C:/Users/Sergiu/Documents/GitHub/Year2Block2/Year2Block2/Assets
GfxDevice: creating device client; threaded=0; jobified=0
Direct3D:
    Version:  Direct3D 11.0 [level 11.1]
    Renderer: NVIDIA GeForce RTX 3080 (ID=0x2216)
    Vendor:   NVIDIA
    VRAM:     10067 MB
    Driver:   31.0.15.2802
Shader 'Oculus/OVRMRCameraFrameLit': fallback shader 'Alpha-Diffuse' not found
Initialize mono
Mono path[0] = 'C:/Program Files/Unity 2021.3.10f1/Editor/Data/Managed'
Mono path[1] = 'C:/Program Files/Unity 2021.3.10f1/Editor/Data/MonoBleedingEdge/lib/mono/unityjit-win32'
Mono config path = 'C:/Program Files/Unity 2021.3.10f1/Editor/Data/MonoBleedingEdge/etc'
Using monoOptions --debugger-agent=transport=dt_socket,embedding=1,server=y,suspend=n,address=127.0.0.1:56624
Begin MonoManager ReloadAssembly
Registering precompiled unity dll's ...
Register platform support module: C:/Program Files/Unity 2021.3.10f1/Editor/Data/PlaybackEngines/WindowsStandaloneSupport/UnityEditor.WindowsStandalone.Extensions.dll
Registered in 0.001694 seconds.
Native extension for WindowsStandalone target not found
Refreshing native plugins compatible for Editor in 101.70 ms, found 13 plugins.
Preloading 1 native plugins for Editor in 0.04 ms.
Mono: successfully reloaded assembly
- Completed reload, in  0.383 seconds
Domain Reload Profiling:
	ReloadAssembly (383ms)
		BeginReloadAssembly (38ms)
			ExecutionOrderSort (0ms)
			DisableScriptedObjects (0ms)
			BackupInstance (0ms)
			ReleaseScriptingObjects (0ms)
			CreateAndSetChildDomain (0ms)
		EndReloadAssembly (292ms)
			LoadAssemblies (37ms)
			RebuildTransferFunctionScriptingTraits (0ms)
			SetupTypeCache (52ms)
			ReleaseScriptCaches (0ms)
			RebuildScriptCaches (14ms)
			SetupLoadedEditorAssemblies (199ms)
				LogAssemblyErrors (0ms)
				InitializePlatformSupportModulesInManaged (3ms)
				SetLoadedEditorAssemblies (0ms)
				RefreshPlugins (102ms)
				BeforeProcessingInitializeOnLoad (1ms)
				ProcessInitializeOnLoadAttributes (69ms)
				ProcessInitializeOnLoadMethodAttributes (24ms)
				AfterProcessingInitializeOnLoad (0ms)
				EditorAssembliesLoaded (0ms)
			ExecutionOrderSort2 (0ms)
			AwakeInstancesAfterBackupRestoration (0ms)
Platform modules already initialized, skipping
Registering precompiled user dll's ...
Registered in 0.005910 seconds.
Begin MonoManager ReloadAssembly
Native extension for WindowsStandalone target not found
Refreshing native plugins compatible for Editor in 114.23 ms, found 13 plugins.
Preloading 1 native plugins for Editor in 0.04 ms.
Package Manager log level set to [2]
[XR] OculusXRPlugin: registering subsystems
[XR] Unable to register display lifecyle provider: [1]
[XR] Oculus Input lifecycle provider registered.
[XR] Unable to register input lifecyle provider: [1]
[XR] OVRP version 1.79.0
Mono: successfully reloaded assembly
- Completed reload, in  1.073 seconds
Domain Reload Profiling:
	ReloadAssembly (1074ms)
		BeginReloadAssembly (60ms)
			ExecutionOrderSort (0ms)
			DisableScriptedObjects (3ms)
			BackupInstance (0ms)
			ReleaseScriptingObjects (0ms)
			CreateAndSetChildDomain (15ms)
		EndReloadAssembly (953ms)
			LoadAssemblies (55ms)
			RebuildTransferFunctionScriptingTraits (0ms)
			SetupTypeCache (205ms)
			ReleaseScriptCaches (1ms)
			RebuildScriptCaches (77ms)
			SetupLoadedEditorAssemblies (583ms)
				LogAssemblyErrors (0ms)
				InitializePlatformSupportModulesInManaged (2ms)
				SetLoadedEditorAssemblies (0ms)
				RefreshPlugins (114ms)
				BeforeProcessingInitializeOnLoad (110ms)
				ProcessInitializeOnLoadAttributes (294ms)
				ProcessInitializeOnLoadMethodAttributes (59ms)
				AfterProcessingInitializeOnLoad (3ms)
				EditorAssembliesLoaded (0ms)
			ExecutionOrderSort2 (0ms)
			AwakeInstancesAfterBackupRestoration (4ms)
Platform modules already initialized, skipping
========================================================================
Worker process is ready to serve import requests
Shader 'Oculus/OVRMRCameraFrameLit': fallback shader 'Alpha-Diffuse' not found
Launched and connected shader compiler UnityShaderCompiler.exe after 0.02 seconds
Refreshing native plugins compatible for Editor in 2.61 ms, found 13 plugins.
Preloading 1 native plugins for Editor in 0.05 ms.
Unloading 8073 Unused Serialized files (Serialized files now loaded: 0)
Unloading 87 unused Assets / (1.5 MB). Loaded Objects now: 8486.
Memory consumption went from 325.0 MB to 323.5 MB.
Total: 3.956500 ms (FindLiveObjects: 0.519900 ms CreateObjectMapping: 0.298700 ms MarkObjects: 2.730400 ms  DeleteObjects: 0.406800 ms)

AssetImportParameters requested are different than current active one (requested -> active):
  custom:video-decoder-ogg-theora: a1e56fd34408186e4bbccfd4996cb3dc -> 
  custom:container-muxer-webm: aa71ff27fc2769a1b78a27578f13a17b -> 
  custom:container-demuxer-webm: 4f35f7cbe854078d1ac9338744f61a02 -> 
  custom:video-encoder-webm-vp8: eb34c28f22e8b96e1ab97ce403110664 -> 
  custom:audio-encoder-webm-vorbis: bf7c407c2cedff20999df2af8eb42d56 -> 
  custom:framework-win-MediaFoundation: 216162199b28c13a410421893ffa2e32 -> 
  custom:container-demuxer-ogg: 62fdf1f143b41e24485cea50d1cbac27 -> 
  custom:video-decoder-webm-vp8: 9c59270c3fd7afecdb556c50c9e8de78 -> 
  custom:audio-decoder-ogg-vorbis: bf7c407c2cedff20999df2af8eb42d56 -> 
========================================================================
Received Import Request.
  Time since last request: 591295.296960 seconds.
  path: Assets/Scenes
  artifactKey: Guid(0cc1b79de78bc4991892d4d342d7211a) Importer(815301076,1909f56bfc062723c751e8b465ee728b)
Start importing Assets/Scenes using Guid(0cc1b79de78bc4991892d4d342d7211a) Importer(815301076,1909f56bfc062723c751e8b465ee728b)  -> (artifact id: '464905cf348a3030ff915904016b0176') in 0.015493 seconds 
========================================================================
Received Import Request.
  Time since last request: 10.550573 seconds.
  path: Assets/Scenes/LoadingScreen.unity
  artifactKey: Guid(49a884722c91f264ba409257f32586a2) Importer(815301076,1909f56bfc062723c751e8b465ee728b)
Start importing Assets/Scenes/LoadingScreen.unity using Guid(49a884722c91f264ba409257f32586a2) Importer(815301076,1909f56bfc062723c751e8b465ee728b)  -> (artifact id: '91591a7042f52a1804a2d3201d7af70c') in 0.003653 seconds 
========================================================================
Received Import Request.
  Time since last request: 3.809353 seconds.
  path: Assets/Scenes/MainMenu.unity
  artifactKey: Guid(094a22c0e88abc44e9f20d16ad1a1a45) Importer(815301076,1909f56bfc062723c751e8b465ee728b)
Start importing Assets/Scenes/MainMenu.unity using Guid(094a22c0e88abc44e9f20d16ad1a1a45) Importer(815301076,1909f56bfc062723c751e8b465ee728b)  -> (artifact id: 'b27325fd71444cc869e1697ffb315ed7') in 0.012406 seconds 
========================================================================
Received Import Request.
  Time since last request: 3.034948 seconds.
  path: Assets/Scenes/save.unity
  artifactKey: Guid(45a52d79cc393cc4eb1d4042e9fdf7e6) Importer(815301076,1909f56bfc062723c751e8b465ee728b)
Start importing Assets/Scenes/save.unity using Guid(45a52d79cc393cc4eb1d4042e9fdf7e6) Importer(815301076,1909f56bfc062723c751e8b465ee728b)  -> (artifact id: 'be69e7b21398d714f6cf6088da8dbc32') in 0.003788 seconds 
========================================================================
Received Prepare
Registering precompiled user dll's ...
Registered in 0.007409 seconds.
Begin MonoManager ReloadAssembly
Native extension for WindowsStandalone target not found
Refreshing native plugins compatible for Editor in 1.45 ms, found 13 plugins.
Preloading 1 native plugins for Editor in 0.04 ms.
Mono: successfully reloaded assembly
- Completed reload, in  0.848 seconds
Domain Reload Profiling:
	ReloadAssembly (848ms)
		BeginReloadAssembly (105ms)
			ExecutionOrderSort (0ms)
			DisableScriptedObjects (3ms)
			BackupInstance (0ms)
			ReleaseScriptingObjects (0ms)
			CreateAndSetChildDomain (42ms)
		EndReloadAssembly (693ms)
			LoadAssemblies (65ms)
			RebuildTransferFunctionScriptingTraits (0ms)
			SetupTypeCache (216ms)
			ReleaseScriptCaches (2ms)
			RebuildScriptCaches (43ms)
			SetupLoadedEditorAssemblies (328ms)
				LogAssemblyErrors (0ms)
				InitializePlatformSupportModulesInManaged (8ms)
				SetLoadedEditorAssemblies (0ms)
				RefreshPlugins (2ms)
				BeforeProcessingInitializeOnLoad (67ms)
				ProcessInitializeOnLoadAttributes (196ms)
				ProcessInitializeOnLoadMethodAttributes (51ms)
				AfterProcessingInitializeOnLoad (4ms)
				EditorAssembliesLoaded (0ms)
			ExecutionOrderSort2 (0ms)
			AwakeInstancesAfterBackupRestoration (12ms)
Platform modules already initialized, skipping
Shader 'Oculus/OVRMRCameraFrameLit': fallback shader 'Alpha-Diffuse' not found
Refreshing native plugins compatible for Editor in 5.32 ms, found 13 plugins.
Preloading 1 native plugins for Editor in 0.06 ms.
Unloading 7831 Unused Serialized files (Serialized files now loaded: 0)
Unloading 77 unused Assets / (1.5 MB). Loaded Objects now: 8490.
Memory consumption went from 316.0 MB to 314.4 MB.
Total: 4.567200 ms (FindLiveObjects: 0.805800 ms CreateObjectMapping: 0.193800 ms MarkObjects: 3.085600 ms  DeleteObjects: 0.481300 ms)

AssetImportParameters requested are different than current active one (requested -> active):
  custom:video-decoder-ogg-theora: a1e56fd34408186e4bbccfd4996cb3dc -> 
  custom:container-muxer-webm: aa71ff27fc2769a1b78a27578f13a17b -> 
  custom:container-demuxer-webm: 4f35f7cbe854078d1ac9338744f61a02 -> 
  custom:video-encoder-webm-vp8: eb34c28f22e8b96e1ab97ce403110664 -> 
  custom:audio-encoder-webm-vorbis: bf7c407c2cedff20999df2af8eb42d56 -> 
  custom:framework-win-MediaFoundation: 216162199b28c13a410421893ffa2e32 -> 
  custom:container-demuxer-ogg: 62fdf1f143b41e24485cea50d1cbac27 -> 
  custom:video-decoder-webm-vp8: 9c59270c3fd7afecdb556c50c9e8de78 -> 
  custom:audio-decoder-ogg-vorbis: bf7c407c2cedff20999df2af8eb42d56 -> 
========================================================================
Received Import Request.
  Time since last request: 123.239254 seconds.
  path: Assets/Scenes/Game
  artifactKey: Guid(14b20723558659d4ba1176e67b3e75cb) Importer(815301076,1909f56bfc062723c751e8b465ee728b)
Start importing Assets/Scenes/Game using Guid(14b20723558659d4ba1176e67b3e75cb) Importer(815301076,1909f56bfc062723c751e8b465ee728b)  -> (artifact id: '9b1b3b665e93cd5ec09adf5285624169') in 0.015072 seconds 
========================================================================
Received Import Request.
  Time since last request: 1.258883 seconds.
  path: Assets/Scenes/Game/LightingData.asset
  artifactKey: Guid(2b392c2296803d449b9c99eb1ca644fc) Importer(815301076,1909f56bfc062723c751e8b465ee728b)
Start importing Assets/Scenes/Game/LightingData.asset using Guid(2b392c2296803d449b9c99eb1ca644fc) Importer(815301076,1909f56bfc062723c751e8b465ee728b)  -> (artifact id: '29d04da75c4ae467601696bfdfaf1569') in 0.022072 seconds 
========================================================================
Received Import Request.
  Time since last request: 0.000018 seconds.
  path: Assets/Scenes/Game/ReflectionProbe-0.exr
  artifactKey: Guid(de4cb10451ea3ea4cbbac04108ae6ca4) Importer(815301076,1909f56bfc062723c751e8b465ee728b)
Start importing Assets/Scenes/Game/ReflectionProbe-0.exr using Guid(de4cb10451ea3ea4cbbac04108ae6ca4) Importer(815301076,1909f56bfc062723c751e8b465ee728b)  -> (artifact id: 'c3c7c63fb631cafaac63cdf2f21aba58') in 0.134519 seconds 
========================================================================
Received Import Request.
  Time since last request: 3.797975 seconds.
  path: Assets/Scenes/ExampleAssets
  artifactKey: Guid(83b7bbecd9fac4db9824039903a1eea8) Importer(815301076,1909f56bfc062723c751e8b465ee728b)
Start importing Assets/Scenes/ExampleAssets using Guid(83b7bbecd9fac4db9824039903a1eea8) Importer(815301076,1909f56bfc062723c751e8b465ee728b)  -> (artifact id: '7e87ec44381814a26b24ab8af8480de6') in 0.003573 seconds 
========================================================================
Received Import Request.
  Time since last request: 0.368470 seconds.
  path: Assets/Scenes/Default
  artifactKey: Guid(cd6d84fff8fc5ec4ca22391e2b39068c) Importer(815301076,1909f56bfc062723c751e8b465ee728b)
Start importing Assets/Scenes/Default using Guid(cd6d84fff8fc5ec4ca22391e2b39068c) Importer(815301076,1909f56bfc062723c751e8b465ee728b)  -> (artifact id: '1063282a1cfa2ab811787bbcf23b2411') in 0.003527 seconds 
========================================================================
Received Import Request.
  Time since last request: 2.701830 seconds.
  path: Assets/Scripts
  artifactKey: Guid(177f2d127a6b05842842804f31f9ea4b) Importer(815301076,1909f56bfc062723c751e8b465ee728b)
Start importing Assets/Scripts using Guid(177f2d127a6b05842842804f31f9ea4b) Importer(815301076,1909f56bfc062723c751e8b465ee728b)  -> (artifact id: 'b3b36056e355891faf5b0ee7459ac96e') in 0.003688 seconds 
========================================================================
Received Import Request.
  Time since last request: 1.305856 seconds.
  path: Assets/Scripts/AxeCollider.cs
  artifactKey: Guid(2b2cda2ef7622e9469274da5b6a5a142) Importer(815301076,1909f56bfc062723c751e8b465ee728b)
Start importing Assets/Scripts/AxeCollider.cs using Guid(2b2cda2ef7622e9469274da5b6a5a142) Importer(815301076,1909f56bfc062723c751e8b465ee728b)  -> (artifact id: 'ba55cd3d492b3727ee6165570fedbef0') in 0.023217 seconds 
========================================================================
Received Import Request.
  Time since last request: 62.498027 seconds.
  path: Assets/Scripts/Doll.cs
  artifactKey: Guid(96f46ea1dbdb59f4dbe0322abe176aa4) Importer(815301076,1909f56bfc062723c751e8b465ee728b)
Start importing Assets/Scripts/Doll.cs using Guid(96f46ea1dbdb59f4dbe0322abe176aa4) Importer(815301076,1909f56bfc062723c751e8b465ee728b)  -> (artifact id: '65292f644f0ce6dae2dbc53e28c1d1c2') in 0.004540 seconds 
========================================================================
Received Import Request.
  Time since last request: 0.418782 seconds.
  path: Assets/Scripts/endEffect.cs
  artifactKey: Guid(3fd4cd8ef8da1b643b74094f9d77fd7b) Importer(815301076,1909f56bfc062723c751e8b465ee728b)
Start importing Assets/Scripts/endEffect.cs using Guid(3fd4cd8ef8da1b643b74094f9d77fd7b) Importer(815301076,1909f56bfc062723c751e8b465ee728b)  -> (artifact id: '28b9e7f5f1f999b1df3b02f53ad121c9') in 0.003605 seconds 
========================================================================
Received Import Request.
  Time since last request: 0.642399 seconds.
  path: Assets/Scripts/EndPoint.cs
  artifactKey: Guid(88acf100a477f2f43b630a58930d835c) Importer(815301076,1909f56bfc062723c751e8b465ee728b)
Start importing Assets/Scripts/EndPoint.cs using Guid(88acf100a477f2f43b630a58930d835c) Importer(815301076,1909f56bfc062723c751e8b465ee728b)  -> (artifact id: 'bed9f1093184fe129ce15b8c51d0733d') in 0.003722 seconds 
========================================================================
Received Import Request.
  Time since last request: 0.489692 seconds.
  path: Assets/Scripts/GameController.cs
  artifactKey: Guid(323eba7301b8eb6458cb47e755f93af1) Importer(815301076,1909f56bfc062723c751e8b465ee728b)
Start importing Assets/Scripts/GameController.cs using Guid(323eba7301b8eb6458cb47e755f93af1) Importer(815301076,1909f56bfc062723c751e8b465ee728b)  -> (artifact id: 'e63924bf4fed2c1b767ee328e340bc28') in 0.003884 seconds 
========================================================================
Received Import Request.
  Time since last request: 0.564579 seconds.
  path: Assets/Scripts/HeadGearController.cs
  artifactKey: Guid(ca59241a8bfb24d44a4cfaee090ab627) Importer(815301076,1909f56bfc062723c751e8b465ee728b)
Start importing Assets/Scripts/HeadGearController.cs using Guid(ca59241a8bfb24d44a4cfaee090ab627) Importer(815301076,1909f56bfc062723c751e8b465ee728b)  -> (artifact id: '8dec13b113c6585984246548028a5d9c') in 0.004005 seconds 
========================================================================
Received Import Request.
  Time since last request: 5.042705 seconds.
  path: Assets/Scripts/Health.cs
  artifactKey: Guid(83284a6e91046e4499ded7eef1ce2a5a) Importer(815301076,1909f56bfc062723c751e8b465ee728b)
Start importing Assets/Scripts/Health.cs using Guid(83284a6e91046e4499ded7eef1ce2a5a) Importer(815301076,1909f56bfc062723c751e8b465ee728b)  -> (artifact id: '1ef9f3faba7c90dce010dff8e3329d00') in 0.003883 seconds 
========================================================================
Received Import Request.
  Time since last request: 3.484507 seconds.
  path: Assets/Scripts/Running.cs
  artifactKey: Guid(2193b62d30d918642bd8ba7566d2a07b) Importer(815301076,1909f56bfc062723c751e8b465ee728b)
Start importing Assets/Scripts/Running.cs using Guid(2193b62d30d918642bd8ba7566d2a07b) Importer(815301076,1909f56bfc062723c751e8b465ee728b)  -> (artifact id: 'e5f86d079b0b6f9dc40faa026b18c24b') in 0.003668 seconds 
========================================================================
Received Import Request.
  Time since last request: 1.017659 seconds.
  path: Assets/Scripts/UIController.cs
  artifactKey: Guid(dce4bd48aead9d64a953be9e7555717c) Importer(815301076,1909f56bfc062723c751e8b465ee728b)
Start importing Assets/Scripts/UIController.cs using Guid(dce4bd48aead9d64a953be9e7555717c) Importer(815301076,1909f56bfc062723c751e8b465ee728b)  -> (artifact id: 'e474dbb424254a7f54a7f72122c15b6f') in 0.004541 seconds 
========================================================================
Received Import Request.
  Time since last request: 105.862246 seconds.
  path: Assets/Scripts/AxeHolder
  artifactKey: Guid(3ea80b8f21992f547a9c1f85b0c873dd) Importer(815301076,1909f56bfc062723c751e8b465ee728b)
Start importing Assets/Scripts/AxeHolder using Guid(3ea80b8f21992f547a9c1f85b0c873dd) Importer(815301076,1909f56bfc062723c751e8b465ee728b)  -> (artifact id: '4e351769d18e03a503b338b2131d5914') in 0.013371 seconds 
========================================================================
Received Import Request.
  Time since last request: 0.886925 seconds.
  path: Assets/Scripts/AxeHolder/Holder.cs
  artifactKey: Guid(2e8f21afc5289774ea0450bb454ccde2) Importer(815301076,1909f56bfc062723c751e8b465ee728b)
Start importing Assets/Scripts/AxeHolder/Holder.cs using Guid(2e8f21afc5289774ea0450bb454ccde2) Importer(815301076,1909f56bfc062723c751e8b465ee728b)  -> (artifact id: '9ba282da2a6b5b59f97e1da5772ef6bc') in 0.004722 seconds 
========================================================================
Received Import Request.
  Time since last request: 1.203396 seconds.
  path: Assets/Scripts/AxeHolder/ItemHold.cs
  artifactKey: Guid(e3c6e4e5f490c8543a78afed14a17937) Importer(815301076,1909f56bfc062723c751e8b465ee728b)
Start importing Assets/Scripts/AxeHolder/ItemHold.cs using Guid(e3c6e4e5f490c8543a78afed14a17937) Importer(815301076,1909f56bfc062723c751e8b465ee728b)  -> (artifact id: '5dcced371398145d20a9e5c8f0ce6771') in 0.003966 seconds 
========================================================================
Received Import Request.
  Time since last request: 2.577172 seconds.
  path: Assets/Scripts/Door
  artifactKey: Guid(f67c6b9139ed51140a9d15344161412f) Importer(815301076,1909f56bfc062723c751e8b465ee728b)
Start importing Assets/Scripts/Door using Guid(f67c6b9139ed51140a9d15344161412f) Importer(815301076,1909f56bfc062723c751e8b465ee728b)  -> (artifact id: 'ebe6be8309c475fd594b35be9c2e0c22') in 0.003811 seconds 
========================================================================
Received Import Request.
  Time since last request: 0.849920 seconds.
  path: Assets/Scripts/Door/Door.cs
  artifactKey: Guid(97da49f3926f1cb4bbac3ab6770059ab) Importer(815301076,1909f56bfc062723c751e8b465ee728b)
Start importing Assets/Scripts/Door/Door.cs using Guid(97da49f3926f1cb4bbac3ab6770059ab) Importer(815301076,1909f56bfc062723c751e8b465ee728b)  -> (artifact id: '48c698aeb6e2de4fbf7281e1dc24a3fc') in 0.001406 seconds 
========================================================================
Received Import Request.
  Time since last request: 40.861347 seconds.
  path: Assets/Scripts/Old Controller
  artifactKey: Guid(a260d0c29f5eba04291dc40ef039aa1a) Importer(815301076,1909f56bfc062723c751e8b465ee728b)
Start importing Assets/Scripts/Old Controller using Guid(a260d0c29f5eba04291dc40ef039aa1a) Importer(815301076,1909f56bfc062723c751e8b465ee728b)  -> (artifact id: '152e846ff2e91043856b025eeafb27f2') in 0.004687 seconds 
========================================================================
Received Import Request.
  Time since last request: 1.840505 seconds.
  path: Assets/Scripts/PcControl
  artifactKey: Guid(7b36e21ba17ce9d4aa9bc4c5b16cd289) Importer(815301076,1909f56bfc062723c751e8b465ee728b)
Start importing Assets/Scripts/PcControl using Guid(7b36e21ba17ce9d4aa9bc4c5b16cd289) Importer(815301076,1909f56bfc062723c751e8b465ee728b)  -> (artifact id: '8d6c6abd15e030cc8ca89ec9a60da9b2') in 0.003572 seconds 
========================================================================
Received Import Request.
  Time since last request: 1.104582 seconds.
  path: Assets/Scripts/PcControl/TempAxeSwing.cs
  artifactKey: Guid(90a3cd86638b9e54086b7b6d353816bb) Importer(815301076,1909f56bfc062723c751e8b465ee728b)
Start importing Assets/Scripts/PcControl/TempAxeSwing.cs using Guid(90a3cd86638b9e54086b7b6d353816bb) Importer(815301076,1909f56bfc062723c751e8b465ee728b)  -> (artifact id: 'b4c705a0ff3addf0cf791e1a7171a0f7') in 0.003785 seconds 
========================================================================
Received Import Request.
  Time since last request: 1.882262 seconds.
  path: Assets/Scripts/PcControl/PlayerController.cs
  artifactKey: Guid(e4482f43c17764f4da2319677f6b5f1d) Importer(815301076,1909f56bfc062723c751e8b465ee728b)
Start importing Assets/Scripts/PcControl/PlayerController.cs using Guid(e4482f43c17764f4da2319677f6b5f1d) Importer(815301076,1909f56bfc062723c751e8b465ee728b)  -> (artifact id: 'b581d01cd9d08654072e2252609e01bf') in 0.003872 seconds 
========================================================================
Received Import Request.
  Time since last request: 2.635271 seconds.
  path: Assets/Scripts/PcControl/Movement.cs
  artifactKey: Guid(de037578eb6a20643957c9fb5ef6a544) Importer(815301076,1909f56bfc062723c751e8b465ee728b)
Start importing Assets/Scripts/PcControl/Movement.cs using Guid(de037578eb6a20643957c9fb5ef6a544) Importer(815301076,1909f56bfc062723c751e8b465ee728b)  -> (artifact id: '1bbaf5004b822e8ca1da06c1edff62e2') in 0.003739 seconds 
========================================================================
Received Import Request.
  Time since last request: 1.630282 seconds.
  path: Assets/Scripts/PcControl/Look.cs
  artifactKey: Guid(706d86f5c37ce1c49a6d8e09038d44dc) Importer(815301076,1909f56bfc062723c751e8b465ee728b)
Start importing Assets/Scripts/PcControl/Look.cs using Guid(706d86f5c37ce1c49a6d8e09038d44dc) Importer(815301076,1909f56bfc062723c751e8b465ee728b)  -> (artifact id: 'f09e4753b462b88ee1789858520fe366') in 0.003947 seconds 
========================================================================
Received Import Request.
  Time since last request: 8.856317 seconds.
  path: Assets/Scripts/Xr
  artifactKey: Guid(a90e624e1be6b9d4d8edf76efd1b181a) Importer(815301076,1909f56bfc062723c751e8b465ee728b)
Start importing Assets/Scripts/Xr using Guid(a90e624e1be6b9d4d8edf76efd1b181a) Importer(815301076,1909f56bfc062723c751e8b465ee728b)  -> (artifact id: '22777340f2f6911ac25a1374d7101658') in 0.004229 seconds 
========================================================================
Received Import Request.
  Time since last request: 0.963722 seconds.
  path: Assets/Scripts/Xr/AnimateHand.cs
  artifactKey: Guid(0789abd05c6e34d418528772c891200c) Importer(815301076,1909f56bfc062723c751e8b465ee728b)
Start importing Assets/Scripts/Xr/AnimateHand.cs using Guid(0789abd05c6e34d418528772c891200c) Importer(815301076,1909f56bfc062723c751e8b465ee728b)  -> (artifact id: '1c49969e86a01b2f2c8083de2520695a') in 0.003653 seconds 
========================================================================
Received Import Request.
  Time since last request: 1.169514 seconds.
  path: Assets/Scripts/Xr/RBMovement.cs
  artifactKey: Guid(cb5e8093bc5dc244b9d35a3ff9b3f3c6) Importer(815301076,1909f56bfc062723c751e8b465ee728b)
Start importing Assets/Scripts/Xr/RBMovement.cs using Guid(cb5e8093bc5dc244b9d35a3ff9b3f3c6) Importer(815301076,1909f56bfc062723c751e8b465ee728b)  -> (artifact id: '2be687fe7922092fd7c4dad3ec7384c7') in 0.003805 seconds 
========================================================================
Received Import Request.
  Time since last request: 0.849546 seconds.
  path: Assets/Scripts/Xr/TwoHanded.cs
  artifactKey: Guid(a8a45f1bb92e8fb419dfde65770d646d) Importer(815301076,1909f56bfc062723c751e8b465ee728b)
Start importing Assets/Scripts/Xr/TwoHanded.cs using Guid(a8a45f1bb92e8fb419dfde65770d646d) Importer(815301076,1909f56bfc062723c751e8b465ee728b)  -> (artifact id: '203df9649af83fd4a6c72b6031db8f94') in 0.003783 seconds 
========================================================================
Received Import Request.
  Time since last request: 1.407813 seconds.
  path: Assets/Scripts/Xr/XRMovement.cs
  artifactKey: Guid(8e2f464096e27e3409c0ad0751313e9b) Importer(815301076,1909f56bfc062723c751e8b465ee728b)
Start importing Assets/Scripts/Xr/XRMovement.cs using Guid(8e2f464096e27e3409c0ad0751313e9b) Importer(815301076,1909f56bfc062723c751e8b465ee728b)  -> (artifact id: '704c6637404a4d2fc4d23565bb782e3a') in 0.003675 seconds 
========================================================================
Received Import Request.
  Time since last request: 406.842403 seconds.
  path: Assets
  artifactKey: Guid(00000000000000001000000000000000) Importer(815301076,1909f56bfc062723c751e8b465ee728b)
Start importing Assets using Guid(00000000000000001000000000000000) Importer(815301076,1909f56bfc062723c751e8b465ee728b)  -> (artifact id: '79842766b460edbeab6a34051e857a80') in 0.004331 seconds 
========================================================================
Received Import Request.
  Time since last request: 14.572253 seconds.
  path: Assets/sound effects
  artifactKey: Guid(f437ef89657b332448885de70fc79377) Importer(815301076,1909f56bfc062723c751e8b465ee728b)
Start importing Assets/sound effects using Guid(f437ef89657b332448885de70fc79377) Importer(815301076,1909f56bfc062723c751e8b465ee728b)  -> (artifact id: '31e947f5d35eb19903e4d990de3626a6') in 0.003775 seconds 
========================================================================
Received Import Request.
  Time since last request: 8.195750 seconds.
  path: Assets/sound effects/fire-sound-efftect-21991.mp3
  artifactKey: Guid(2ae1957b8a6fba54a9462cbc7300be02) Importer(815301076,1909f56bfc062723c751e8b465ee728b)
Start importing Assets/sound effects/fire-sound-efftect-21991.mp3 using Guid(2ae1957b8a6fba54a9462cbc7300be02) Importer(815301076,1909f56bfc062723c751e8b465ee728b)  -> (artifact id: 'efa7ba86d9bb302d332e3979119cc95b') in 0.054912 seconds 
========================================================================
Received Import Request.
  Time since last request: 0.000023 seconds.
  path: Assets/sound effects/heartbeat-sound-effect-111218.mp3
  artifactKey: Guid(e1cdb3db9902506479fa9c3706fc45ea) Importer(815301076,1909f56bfc062723c751e8b465ee728b)
Start importing Assets/sound effects/heartbeat-sound-effect-111218.mp3 using Guid(e1cdb3db9902506479fa9c3706fc45ea) Importer(815301076,1909f56bfc062723c751e8b465ee728b)  -> (artifact id: '35aaacc79aab03c3fc3585d998800423') in 0.010085 seconds 
========================================================================
Received Import Request.
  Time since last request: 0.000017 seconds.
  path: Assets/sound effects/wood-break-40011.mp3
  artifactKey: Guid(290dadf71720aa04d8abe123a7ea520a) Importer(815301076,1909f56bfc062723c751e8b465ee728b)
Start importing Assets/sound effects/wood-break-40011.mp3 using Guid(290dadf71720aa04d8abe123a7ea520a) Importer(815301076,1909f56bfc062723c751e8b465ee728b)  -> (artifact id: 'f29266f3eef010c957b3b2f35017b6ef') in 0.011626 seconds 
Editor requested this worker to shutdown with reason: Scaling down because of idle timeout
AssetImportWorker is now disconnected from the server
Process exiting
Exiting without the bug reporter. Application will terminate with return code 0